{"/home/seba/repositorios/gym-workspace/projects/gym-library/src/lib/components/social-share-button/social-share-button.component.ts": {"path":"/home/seba/repositorios/gym-workspace/projects/gym-library/src/lib/components/social-share-button/social-share-button.component.ts","statementMap":{"0":{"start":{"line":1,"column":0},"end":{"line":1,"column":98}},"1":{"start":{"line":2,"column":0},"end":{"line":2,"column":95}},"2":{"start":{"line":25,"column":7},"end":{"line":62,"column":null}},"3":{"start":{"line":26,"column":40},"end":{"line":26,"column":66}},"4":{"start":{"line":29,"column":25},"end":{"line":29,"column":49}},"5":{"start":{"line":30,"column":22},"end":{"line":30,"column":89}},"6":{"start":{"line":31,"column":22},"end":{"line":31,"column":43}},"7":{"start":{"line":32,"column":21},"end":{"line":32,"column":52}},"8":{"start":{"line":35,"column":27},"end":{"line":35,"column":41}},"9":{"start":{"line":36,"column":24},"end":{"line":36,"column":39}},"10":{"start":{"line":39,"column":23},"end":{"line":39,"column":36}},"11":{"start":{"line":42,"column":4},"end":{"line":44,"column":5}},"12":{"start":{"line":43,"column":6},"end":{"line":43,"column":13}},"13":{"start":{"line":46,"column":4},"end":{"line":46,"column":29}},"14":{"start":{"line":48,"column":4},"end":{"line":60,"column":5}},"15":{"start":{"line":49,"column":6},"end":{"line":53,"column":8}},"16":{"start":{"line":54,"column":6},"end":{"line":54,"column":32}},"17":{"start":{"line":56,"column":6},"end":{"line":56,"column":50}},"18":{"start":{"line":57,"column":6},"end":{"line":57,"column":43}},"19":{"start":{"line":59,"column":6},"end":{"line":59,"column":32}},"20":{"start":{"line":25,"column":13},"end":{"line":25,"column":39}},"21":{"start":{"line":25,"column":13},"end":{"line":62,"column":null}}},"fnMap":{"0":{"name":"(anonymous_0)","decl":{"start":{"line":41,"column":2},"end":{"line":41,"column":7}},"loc":{"start":{"line":41,"column":19},"end":{"line":61,"column":3}}}},"branchMap":{"0":{"loc":{"start":{"line":42,"column":4},"end":{"line":44,"column":5}},"type":"if","locations":[{"start":{"line":42,"column":4},"end":{"line":44,"column":5}},{"start":{},"end":{}}]},"1":{"loc":{"start":{"line":42,"column":8},"end":{"line":42,"column":43}},"type":"binary-expr","locations":[{"start":{"line":42,"column":8},"end":{"line":42,"column":23}},{"start":{"line":42,"column":27},"end":{"line":42,"column":43}}]}},"s":{"0":1,"1":1,"2":1,"3":16,"4":16,"5":16,"6":16,"7":16,"8":16,"9":16,"10":16,"11":23,"12":6,"13":17,"14":17,"15":17,"16":14,"17":3,"18":3,"19":17,"20":1,"21":1},"f":{"0":23},"b":{"0":[6,17],"1":[23,21]}}
,"/home/seba/repositorios/gym-workspace/projects/gym-library/src/lib/components/social-share-panel/social-share-panel.component.ts": {"path":"/home/seba/repositorios/gym-workspace/projects/gym-library/src/lib/components/social-share-panel/social-share-panel.component.ts","statementMap":{"0":{"start":{"line":1,"column":0},"end":{"line":1,"column":98}},"1":{"start":{"line":2,"column":0},"end":{"line":2,"column":95}},"2":{"start":{"line":13,"column":7},"end":{"line":91,"column":null}},"3":{"start":{"line":14,"column":40},"end":{"line":14,"column":66}},"4":{"start":{"line":17,"column":25},"end":{"line":17,"column":49}},"5":{"start":{"line":18,"column":25},"end":{"line":18,"column":45}},"6":{"start":{"line":21,"column":27},"end":{"line":21,"column":45}},"7":{"start":{"line":22,"column":24},"end":{"line":22,"column":39}},"8":{"start":{"line":25,"column":26},"end":{"line":25,"column":39}},"9":{"start":{"line":26,"column":24},"end":{"line":26,"column":51}},"10":{"start":{"line":29,"column":26},"end":{"line":29,"column":38}},"11":{"start":{"line":30,"column":26},"end":{"line":30,"column":38}},"12":{"start":{"line":31,"column":27},"end":{"line":31,"column":39}},"13":{"start":{"line":33,"column":23},"end":{"line":38,"column":4}},"14":{"start":{"line":41,"column":4},"end":{"line":41,"column":32}},"15":{"start":{"line":43,"column":4},"end":{"line":62,"column":5}},"16":{"start":{"line":44,"column":22},"end":{"line":44,"column":44}},"17":{"start":{"line":45,"column":19},"end":{"line":47,"column":null}},"18":{"start":{"line":51,"column":6},"end":{"line":53,"column":7}},"19":{"start":{"line":52,"column":8},"end":{"line":52,"column":48}},"20":{"start":{"line":55,"column":18},"end":{"line":55,"column":43}},"21":{"start":{"line":56,"column":6},"end":{"line":56,"column":31}},"22":{"start":{"line":58,"column":6},"end":{"line":58,"column":56}},"23":{"start":{"line":59,"column":6},"end":{"line":59,"column":43}},"24":{"start":{"line":61,"column":6},"end":{"line":61,"column":35}},"25":{"start":{"line":66,"column":4},"end":{"line":66,"column":32}},"26":{"start":{"line":68,"column":4},"end":{"line":81,"column":5}},"27":{"start":{"line":69,"column":22},"end":{"line":69,"column":44}},"28":{"start":{"line":70,"column":6},"end":{"line":74,"column":8}},"29":{"start":{"line":75,"column":6},"end":{"line":75,"column":40}},"30":{"start":{"line":77,"column":6},"end":{"line":77,"column":50}},"31":{"start":{"line":78,"column":6},"end":{"line":78,"column":43}},"32":{"start":{"line":80,"column":6},"end":{"line":80,"column":35}},"33":{"start":{"line":85,"column":4},"end":{"line":89,"column":6}},"34":{"start":{"line":13,"column":13},"end":{"line":13,"column":38}},"35":{"start":{"line":13,"column":13},"end":{"line":91,"column":null}}},"fnMap":{"0":{"name":"(anonymous_0)","decl":{"start":{"line":40,"column":2},"end":{"line":40,"column":7}},"loc":{"start":{"line":40,"column":23},"end":{"line":63,"column":3}}},"1":{"name":"(anonymous_1)","decl":{"start":{"line":65,"column":2},"end":{"line":65,"column":7}},"loc":{"start":{"line":65,"column":34},"end":{"line":82,"column":3}}},"2":{"name":"(anonymous_2)","decl":{"start":{"line":84,"column":10},"end":{"line":84,"column":25}},"loc":{"start":{"line":84,"column":25},"end":{"line":90,"column":3}}}},"branchMap":{"0":{"loc":{"start":{"line":51,"column":6},"end":{"line":53,"column":7}},"type":"if","locations":[{"start":{"line":51,"column":6},"end":{"line":53,"column":7}},{"start":{},"end":{}}]}},"s":{"0":1,"1":1,"2":1,"3":20,"4":20,"5":20,"6":20,"7":20,"8":20,"9":20,"10":20,"11":20,"12":20,"13":20,"14":7,"15":7,"16":7,"17":7,"18":5,"19":1,"20":5,"21":5,"22":2,"23":2,"24":7,"25":10,"26":10,"27":10,"28":10,"29":8,"30":2,"31":2,"32":10,"33":18,"34":1,"35":1},"f":{"0":7,"1":10,"2":18},"b":{"0":[1,4]}}
,"/home/seba/repositorios/gym-workspace/projects/gym-library/src/lib/enums/entrenado-tabs.enum.ts": {"path":"/home/seba/repositorios/gym-workspace/projects/gym-library/src/lib/enums/entrenado-tabs.enum.ts","statementMap":{"0":{"start":{"line":5,"column":0},"end":{"line":5,"column":null}},"1":{"start":{"line":6,"column":2},"end":{"line":6,"column":30}},"2":{"start":{"line":13,"column":13},"end":{"line":19,"column":11}}},"fnMap":{"0":{"name":"(anonymous_0)","decl":{"start":{"line":5,"column":0},"end":{"line":5,"column":12}},"loc":{"start":{"line":5,"column":28},"end":{"line":7,"column":1}}}},"branchMap":{"0":{"loc":{"start":{"line":5,"column":12},"end":{"line":5,"column":null}},"type":"binary-expr","locations":[{"start":{"line":5,"column":12},"end":{"line":5,"column":28}},{"start":{"line":5,"column":28},"end":{"line":5,"column":null}}]}},"s":{"0":1,"1":1,"2":1},"f":{"0":1},"b":{"0":[1,1]}}
,"/home/seba/repositorios/gym-workspace/projects/gym-library/src/lib/enums/gimnasio-tabs.enum.ts": {"path":"/home/seba/repositorios/gym-workspace/projects/gym-library/src/lib/enums/gimnasio-tabs.enum.ts","statementMap":{"0":{"start":{"line":5,"column":0},"end":{"line":5,"column":null}},"1":{"start":{"line":6,"column":2},"end":{"line":6,"column":null}},"2":{"start":{"line":7,"column":2},"end":{"line":7,"column":null}},"3":{"start":{"line":8,"column":2},"end":{"line":8,"column":42}},"4":{"start":{"line":15,"column":13},"end":{"line":37,"column":11}}},"fnMap":{"0":{"name":"(anonymous_0)","decl":{"start":{"line":5,"column":0},"end":{"line":5,"column":12}},"loc":{"start":{"line":5,"column":27},"end":{"line":9,"column":1}}}},"branchMap":{"0":{"loc":{"start":{"line":5,"column":12},"end":{"line":5,"column":null}},"type":"binary-expr","locations":[{"start":{"line":5,"column":12},"end":{"line":5,"column":27}},{"start":{"line":5,"column":27},"end":{"line":5,"column":null}}]}},"s":{"0":1,"1":1,"2":1,"3":1,"4":1},"f":{"0":1},"b":{"0":[1,1]}}
,"/home/seba/repositorios/gym-workspace/projects/gym-library/src/lib/enums/objetivo.enum.ts": {"path":"/home/seba/repositorios/gym-workspace/projects/gym-library/src/lib/enums/objetivo.enum.ts","statementMap":{"0":{"start":{"line":1,"column":0},"end":{"line":1,"column":null}},"1":{"start":{"line":2,"column":2},"end":{"line":2,"column":null}},"2":{"start":{"line":3,"column":2},"end":{"line":3,"column":null}},"3":{"start":{"line":4,"column":2},"end":{"line":4,"column":null}}},"fnMap":{"0":{"name":"(anonymous_0)","decl":{"start":{"line":1,"column":0},"end":{"line":1,"column":12}},"loc":{"start":{"line":1,"column":20},"end":{"line":5,"column":1}}}},"branchMap":{"0":{"loc":{"start":{"line":1,"column":12},"end":{"line":1,"column":null}},"type":"binary-expr","locations":[{"start":{"line":1,"column":12},"end":{"line":1,"column":20}},{"start":{"line":1,"column":20},"end":{"line":1,"column":null}}]}},"s":{"0":2,"1":2,"2":2,"3":2},"f":{"0":2},"b":{"0":[2,2]}}
,"/home/seba/repositorios/gym-workspace/projects/gym-library/src/lib/enums/permiso.enum.ts": {"path":"/home/seba/repositorios/gym-workspace/projects/gym-library/src/lib/enums/permiso.enum.ts","statementMap":{"0":{"start":{"line":1,"column":0},"end":{"line":1,"column":null}},"1":{"start":{"line":2,"column":2},"end":{"line":2,"column":null}},"2":{"start":{"line":3,"column":2},"end":{"line":3,"column":null}},"3":{"start":{"line":4,"column":2},"end":{"line":4,"column":null}},"4":{"start":{"line":5,"column":2},"end":{"line":5,"column":null}},"5":{"start":{"line":6,"column":2},"end":{"line":6,"column":null}},"6":{"start":{"line":7,"column":2},"end":{"line":7,"column":null}}},"fnMap":{"0":{"name":"(anonymous_0)","decl":{"start":{"line":1,"column":0},"end":{"line":1,"column":12}},"loc":{"start":{"line":1,"column":19},"end":{"line":8,"column":1}}}},"branchMap":{"0":{"loc":{"start":{"line":1,"column":12},"end":{"line":1,"column":null}},"type":"binary-expr","locations":[{"start":{"line":1,"column":12},"end":{"line":1,"column":19}},{"start":{"line":1,"column":19},"end":{"line":1,"column":null}}]}},"s":{"0":1,"1":1,"2":1,"3":1,"4":1,"5":1,"6":1},"f":{"0":1},"b":{"0":[1,1]}}
,"/home/seba/repositorios/gym-workspace/projects/gym-library/src/lib/enums/plan.enum.ts": {"path":"/home/seba/repositorios/gym-workspace/projects/gym-library/src/lib/enums/plan.enum.ts","statementMap":{"0":{"start":{"line":1,"column":0},"end":{"line":1,"column":null}},"1":{"start":{"line":2,"column":4},"end":{"line":2,"column":null}},"2":{"start":{"line":3,"column":4},"end":{"line":3,"column":null}}},"fnMap":{"0":{"name":"(anonymous_0)","decl":{"start":{"line":1,"column":0},"end":{"line":1,"column":12}},"loc":{"start":{"line":1,"column":16},"end":{"line":4,"column":1}}}},"branchMap":{"0":{"loc":{"start":{"line":1,"column":12},"end":{"line":1,"column":null}},"type":"binary-expr","locations":[{"start":{"line":1,"column":12},"end":{"line":1,"column":16}},{"start":{"line":1,"column":16},"end":{"line":1,"column":null}}]}},"s":{"0":1,"1":1,"2":1},"f":{"0":1},"b":{"0":[1,1]}}
,"/home/seba/repositorios/gym-workspace/projects/gym-library/src/lib/enums/rol.enum.ts": {"path":"/home/seba/repositorios/gym-workspace/projects/gym-library/src/lib/enums/rol.enum.ts","statementMap":{"0":{"start":{"line":1,"column":0},"end":{"line":1,"column":null}},"1":{"start":{"line":2,"column":2},"end":{"line":2,"column":null}},"2":{"start":{"line":3,"column":2},"end":{"line":3,"column":null}},"3":{"start":{"line":4,"column":2},"end":{"line":4,"column":null}},"4":{"start":{"line":5,"column":2},"end":{"line":5,"column":null}}},"fnMap":{"0":{"name":"(anonymous_0)","decl":{"start":{"line":1,"column":0},"end":{"line":1,"column":12}},"loc":{"start":{"line":1,"column":15},"end":{"line":6,"column":1}}}},"branchMap":{"0":{"loc":{"start":{"line":1,"column":12},"end":{"line":1,"column":null}},"type":"binary-expr","locations":[{"start":{"line":1,"column":12},"end":{"line":1,"column":15}},{"start":{"line":1,"column":15},"end":{"line":1,"column":null}}]}},"s":{"0":5,"1":5,"2":5,"3":5,"4":5},"f":{"0":5},"b":{"0":[5,5]}}
,"/home/seba/repositorios/gym-workspace/projects/gym-library/src/lib/enums/sesion-rutina-status.enum.ts": {"path":"/home/seba/repositorios/gym-workspace/projects/gym-library/src/lib/enums/sesion-rutina-status.enum.ts","statementMap":{"0":{"start":{"line":1,"column":0},"end":{"line":1,"column":null}},"1":{"start":{"line":2,"column":4},"end":{"line":2,"column":null}},"2":{"start":{"line":3,"column":4},"end":{"line":3,"column":null}},"3":{"start":{"line":4,"column":4},"end":{"line":4,"column":null}},"4":{"start":{"line":5,"column":4},"end":{"line":5,"column":null}}},"fnMap":{"0":{"name":"(anonymous_0)","decl":{"start":{"line":1,"column":0},"end":{"line":1,"column":12}},"loc":{"start":{"line":1,"column":30},"end":{"line":6,"column":1}}}},"branchMap":{"0":{"loc":{"start":{"line":1,"column":12},"end":{"line":1,"column":null}},"type":"binary-expr","locations":[{"start":{"line":1,"column":12},"end":{"line":1,"column":30}},{"start":{"line":1,"column":30},"end":{"line":1,"column":null}}]}},"s":{"0":3,"1":3,"2":3,"3":3,"4":3},"f":{"0":3},"b":{"0":[3,3]}}
,"/home/seba/repositorios/gym-workspace/projects/gym-library/src/lib/enums/tipo-mensaje.enum.ts": {"path":"/home/seba/repositorios/gym-workspace/projects/gym-library/src/lib/enums/tipo-mensaje.enum.ts","statementMap":{"0":{"start":{"line":1,"column":0},"end":{"line":1,"column":null}},"1":{"start":{"line":2,"column":4},"end":{"line":2,"column":null}},"2":{"start":{"line":3,"column":4},"end":{"line":3,"column":null}},"3":{"start":{"line":4,"column":4},"end":{"line":4,"column":null}},"4":{"start":{"line":5,"column":4},"end":{"line":5,"column":null}}},"fnMap":{"0":{"name":"(anonymous_0)","decl":{"start":{"line":1,"column":0},"end":{"line":1,"column":12}},"loc":{"start":{"line":1,"column":23},"end":{"line":6,"column":1}}}},"branchMap":{"0":{"loc":{"start":{"line":1,"column":12},"end":{"line":1,"column":null}},"type":"binary-expr","locations":[{"start":{"line":1,"column":12},"end":{"line":1,"column":23}},{"start":{"line":1,"column":23},"end":{"line":1,"column":null}}]}},"s":{"0":1,"1":1,"2":1,"3":1,"4":1},"f":{"0":1},"b":{"0":[1,1]}}
,"/home/seba/repositorios/gym-workspace/projects/gym-library/src/lib/enums/tipo-notificacion.enum.ts": {"path":"/home/seba/repositorios/gym-workspace/projects/gym-library/src/lib/enums/tipo-notificacion.enum.ts","statementMap":{"0":{"start":{"line":1,"column":0},"end":{"line":1,"column":null}},"1":{"start":{"line":3,"column":4},"end":{"line":3,"column":null}},"2":{"start":{"line":4,"column":4},"end":{"line":4,"column":null}},"3":{"start":{"line":5,"column":4},"end":{"line":5,"column":null}},"4":{"start":{"line":8,"column":4},"end":{"line":8,"column":null}},"5":{"start":{"line":9,"column":4},"end":{"line":9,"column":null}},"6":{"start":{"line":12,"column":4},"end":{"line":12,"column":null}},"7":{"start":{"line":15,"column":4},"end":{"line":15,"column":null}},"8":{"start":{"line":16,"column":4},"end":{"line":16,"column":null}},"9":{"start":{"line":17,"column":4},"end":{"line":17,"column":null}}},"fnMap":{"0":{"name":"(anonymous_0)","decl":{"start":{"line":1,"column":0},"end":{"line":1,"column":12}},"loc":{"start":{"line":1,"column":28},"end":{"line":18,"column":1}}}},"branchMap":{"0":{"loc":{"start":{"line":1,"column":12},"end":{"line":1,"column":null}},"type":"binary-expr","locations":[{"start":{"line":1,"column":12},"end":{"line":1,"column":28}},{"start":{"line":1,"column":28},"end":{"line":1,"column":null}}]}},"s":{"0":1,"1":1,"2":1,"3":1,"4":1,"5":1,"6":1,"7":1,"8":1,"9":1},"f":{"0":1},"b":{"0":[1,1]}}
,"/home/seba/repositorios/gym-workspace/projects/gym-library/src/lib/services/auth.service.ts": {"path":"/home/seba/repositorios/gym-workspace/projects/gym-library/src/lib/services/auth.service.ts","statementMap":{"0":{"start":{"line":1,"column":0},"end":{"line":1,"column":75}},"1":{"start":{"line":15,"column":7},"end":{"line":210,"column":null}},"2":{"start":{"line":16,"column":34},"end":{"line":16,"column":59}},"3":{"start":{"line":17,"column":38},"end":{"line":17,"column":60}},"4":{"start":{"line":18,"column":32},"end":{"line":18,"column":54}},"5":{"start":{"line":19,"column":28},"end":{"line":19,"column":55}},"6":{"start":{"line":29,"column":4},"end":{"line":29,"column":30}},"7":{"start":{"line":30,"column":4},"end":{"line":30,"column":26}},"8":{"start":{"line":31,"column":4},"end":{"line":50,"column":5}},"9":{"start":{"line":32,"column":21},"end":{"line":32,"column":35}},"10":{"start":{"line":33,"column":6},"end":{"line":40,"column":7}},"11":{"start":{"line":34,"column":8},"end":{"line":34,"column":43}},"12":{"start":{"line":35,"column":8},"end":{"line":35,"column":40}},"13":{"start":{"line":36,"column":8},"end":{"line":36,"column":20}},"14":{"start":{"line":38,"column":8},"end":{"line":38,"column":50}},"15":{"start":{"line":39,"column":8},"end":{"line":39,"column":21}},"16":{"start":{"line":42,"column":6},"end":{"line":46,"column":7}},"17":{"start":{"line":43,"column":8},"end":{"line":43,"column":77}},"18":{"start":{"line":45,"column":8},"end":{"line":45,"column":34}},"19":{"start":{"line":47,"column":6},"end":{"line":47,"column":19}},"20":{"start":{"line":49,"column":6},"end":{"line":49,"column":33}},"21":{"start":{"line":61,"column":4},"end":{"line":61,"column":31}},"22":{"start":{"line":70,"column":4},"end":{"line":70,"column":42}},"23":{"start":{"line":77,"column":4},"end":{"line":77,"column":46}},"24":{"start":{"line":84,"column":4},"end":{"line":84,"column":40}},"25":{"start":{"line":91,"column":4},"end":{"line":91,"column":36}},"26":{"start":{"line":98,"column":4},"end":{"line":100,"column":5}},"27":{"start":{"line":99,"column":6},"end":{"line":99,"column":53}},"28":{"start":{"line":101,"column":4},"end":{"line":104,"column":6}},"29":{"start":{"line":102,"column":12},"end":{"line":102,"column":47}},"30":{"start":{"line":111,"column":4},"end":{"line":113,"column":5}},"31":{"start":{"line":112,"column":6},"end":{"line":112,"column":53}},"32":{"start":{"line":114,"column":4},"end":{"line":117,"column":6}},"33":{"start":{"line":115,"column":12},"end":{"line":115,"column":61}},"34":{"start":{"line":124,"column":4},"end":{"line":126,"column":5}},"35":{"start":{"line":125,"column":6},"end":{"line":125,"column":53}},"36":{"start":{"line":127,"column":4},"end":{"line":130,"column":6}},"37":{"start":{"line":128,"column":12},"end":{"line":128,"column":64}},"38":{"start":{"line":137,"column":4},"end":{"line":139,"column":5}},"39":{"start":{"line":138,"column":6},"end":{"line":138,"column":53}},"40":{"start":{"line":140,"column":4},"end":{"line":140,"column":30}},"41":{"start":{"line":141,"column":4},"end":{"line":141,"column":26}},"42":{"start":{"line":142,"column":4},"end":{"line":155,"column":5}},"43":{"start":{"line":143,"column":6},"end":{"line":143,"column":38}},"44":{"start":{"line":144,"column":6},"end":{"line":144,"column":34}},"45":{"start":{"line":145,"column":6},"end":{"line":145,"column":39}},"46":{"start":{"line":147,"column":6},"end":{"line":151,"column":7}},"47":{"start":{"line":148,"column":8},"end":{"line":148,"column":98}},"48":{"start":{"line":150,"column":8},"end":{"line":150,"column":55}},"49":{"start":{"line":152,"column":6},"end":{"line":152,"column":18}},"50":{"start":{"line":154,"column":6},"end":{"line":154,"column":33}},"51":{"start":{"line":162,"column":4},"end":{"line":162,"column":34}},"52":{"start":{"line":162,"column":27},"end":{"line":162,"column":34}},"53":{"start":{"line":163,"column":4},"end":{"line":163,"column":30}},"54":{"start":{"line":164,"column":4},"end":{"line":175,"column":5}},"55":{"start":{"line":165,"column":19},"end":{"line":165,"column":58}},"56":{"start":{"line":166,"column":21},"end":{"line":166,"column":61}},"57":{"start":{"line":167,"column":6},"end":{"line":167,"column":34}},"58":{"start":{"line":168,"column":6},"end":{"line":168,"column":40}},"59":{"start":{"line":170,"column":6},"end":{"line":170,"column":63}},"60":{"start":{"line":171,"column":6},"end":{"line":171,"column":34}},"61":{"start":{"line":172,"column":6},"end":{"line":172,"column":39}},"62":{"start":{"line":174,"column":6},"end":{"line":174,"column":33}},"63":{"start":{"line":182,"column":4},"end":{"line":182,"column":32}},"64":{"start":{"line":189,"column":4},"end":{"line":189,"column":26}},"65":{"start":{"line":196,"column":4},"end":{"line":196,"column":34}},"66":{"start":{"line":203,"column":4},"end":{"line":208,"column":6}},"67":{"start":{"line":15,"column":13},"end":{"line":15,"column":24}},"68":{"start":{"line":15,"column":13},"end":{"line":210,"column":null}}},"fnMap":{"0":{"name":"(anonymous_0)","decl":{"start":{"line":25,"column":10},"end":{"line":25,"column":15}},"loc":{"start":{"line":27,"column":20},"end":{"line":51,"column":3}}},"1":{"name":"(anonymous_1)","decl":{"start":{"line":53,"column":2},"end":{"line":53,"column":null}},"loc":{"start":{"line":53,"column":2},"end":{"line":55,"column":3}}},"2":{"name":"(anonymous_2)","decl":{"start":{"line":60,"column":2},"end":{"line":60,"column":16}},"loc":{"start":{"line":60,"column":38},"end":{"line":64,"column":3}}},"3":{"name":"(anonymous_3)","decl":{"start":{"line":69,"column":2},"end":{"line":69,"column":6}},"loc":{"start":{"line":69,"column":17},"end":{"line":71,"column":3}}},"4":{"name":"(anonymous_4)","decl":{"start":{"line":76,"column":2},"end":{"line":76,"column":6}},"loc":{"start":{"line":76,"column":21},"end":{"line":78,"column":3}}},"5":{"name":"(anonymous_5)","decl":{"start":{"line":83,"column":2},"end":{"line":83,"column":6}},"loc":{"start":{"line":83,"column":15},"end":{"line":85,"column":3}}},"6":{"name":"(anonymous_6)","decl":{"start":{"line":90,"column":2},"end":{"line":90,"column":6}},"loc":{"start":{"line":90,"column":11},"end":{"line":92,"column":3}}},"7":{"name":"(anonymous_7)","decl":{"start":{"line":97,"column":2},"end":{"line":97,"column":7}},"loc":{"start":{"line":97,"column":23},"end":{"line":105,"column":3}}},"8":{"name":"(anonymous_8)","decl":{"start":{"line":102,"column":6},"end":{"line":102,"column":9}},"loc":{"start":{"line":102,"column":12},"end":{"line":102,"column":47}}},"9":{"name":"(anonymous_9)","decl":{"start":{"line":110,"column":2},"end":{"line":110,"column":7}},"loc":{"start":{"line":110,"column":54},"end":{"line":118,"column":3}}},"10":{"name":"(anonymous_10)","decl":{"start":{"line":115,"column":6},"end":{"line":115,"column":9}},"loc":{"start":{"line":115,"column":12},"end":{"line":115,"column":61}}},"11":{"name":"(anonymous_11)","decl":{"start":{"line":123,"column":2},"end":{"line":123,"column":7}},"loc":{"start":{"line":123,"column":57},"end":{"line":131,"column":3}}},"12":{"name":"(anonymous_12)","decl":{"start":{"line":128,"column":6},"end":{"line":128,"column":9}},"loc":{"start":{"line":128,"column":12},"end":{"line":128,"column":64}}},"13":{"name":"(anonymous_13)","decl":{"start":{"line":136,"column":2},"end":{"line":136,"column":7}},"loc":{"start":{"line":136,"column":14},"end":{"line":156,"column":3}}},"14":{"name":"(anonymous_14)","decl":{"start":{"line":161,"column":10},"end":{"line":161,"column":15}},"loc":{"start":{"line":161,"column":32},"end":{"line":176,"column":3}}},"15":{"name":"(anonymous_15)","decl":{"start":{"line":181,"column":2},"end":{"line":181,"column":19}},"loc":{"start":{"line":181,"column":30},"end":{"line":183,"column":3}}},"16":{"name":"(anonymous_16)","decl":{"start":{"line":188,"column":2},"end":{"line":188,"column":12}},"loc":{"start":{"line":188,"column":12},"end":{"line":190,"column":3}}},"17":{"name":"(anonymous_17)","decl":{"start":{"line":195,"column":2},"end":{"line":195,"column":7}},"loc":{"start":{"line":195,"column":19},"end":{"line":197,"column":3}}},"18":{"name":"(anonymous_18)","decl":{"start":{"line":202,"column":2},"end":{"line":202,"column":6}},"loc":{"start":{"line":202,"column":14},"end":{"line":209,"column":3}}}},"branchMap":{"0":{"loc":{"start":{"line":33,"column":6},"end":{"line":40,"column":7}},"type":"if","locations":[{"start":{"line":33,"column":6},"end":{"line":40,"column":7}},{"start":{"line":37,"column":13},"end":{"line":40,"column":7}}]},"1":{"loc":{"start":{"line":33,"column":10},"end":{"line":33,"column":39}},"type":"binary-expr","locations":[{"start":{"line":33,"column":10},"end":{"line":33,"column":24}},{"start":{"line":33,"column":28},"end":{"line":33,"column":39}}]},"2":{"loc":{"start":{"line":38,"column":24},"end":{"line":38,"column":48}},"type":"binary-expr","locations":[{"start":{"line":38,"column":24},"end":{"line":38,"column":36}},{"start":{"line":38,"column":40},"end":{"line":38,"column":48}}]},"3":{"loc":{"start":{"line":42,"column":6},"end":{"line":46,"column":7}},"type":"if","locations":[{"start":{"line":42,"column":6},"end":{"line":46,"column":7}},{"start":{"line":44,"column":13},"end":{"line":46,"column":7}}]},"4":{"loc":{"start":{"line":42,"column":10},"end":{"line":42,"column":75}},"type":"binary-expr","locations":[{"start":{"line":42,"column":10},"end":{"line":42,"column":35}},{"start":{"line":42,"column":39},"end":{"line":42,"column":53}},{"start":{"line":42,"column":57},"end":{"line":42,"column":75}}]},"5":{"loc":{"start":{"line":43,"column":25},"end":{"line":43,"column":75}},"type":"binary-expr","locations":[{"start":{"line":43,"column":25},"end":{"line":43,"column":63}},{"start":{"line":43,"column":67},"end":{"line":43,"column":75}}]},"6":{"loc":{"start":{"line":98,"column":4},"end":{"line":100,"column":5}},"type":"if","locations":[{"start":{"line":98,"column":4},"end":{"line":100,"column":5}},{"start":{},"end":{}}]},"7":{"loc":{"start":{"line":111,"column":4},"end":{"line":113,"column":5}},"type":"if","locations":[{"start":{"line":111,"column":4},"end":{"line":113,"column":5}},{"start":{},"end":{}}]},"8":{"loc":{"start":{"line":124,"column":4},"end":{"line":126,"column":5}},"type":"if","locations":[{"start":{"line":124,"column":4},"end":{"line":126,"column":5}},{"start":{},"end":{}}]},"9":{"loc":{"start":{"line":137,"column":4},"end":{"line":139,"column":5}},"type":"if","locations":[{"start":{"line":137,"column":4},"end":{"line":139,"column":5}},{"start":{},"end":{}}]},"10":{"loc":{"start":{"line":147,"column":6},"end":{"line":151,"column":7}},"type":"if","locations":[{"start":{"line":147,"column":6},"end":{"line":151,"column":7}},{"start":{"line":149,"column":13},"end":{"line":151,"column":7}}]},"11":{"loc":{"start":{"line":147,"column":10},"end":{"line":147,"column":75}},"type":"binary-expr","locations":[{"start":{"line":147,"column":10},"end":{"line":147,"column":35}},{"start":{"line":147,"column":39},"end":{"line":147,"column":53}},{"start":{"line":147,"column":57},"end":{"line":147,"column":75}}]},"12":{"loc":{"start":{"line":148,"column":25},"end":{"line":148,"column":96}},"type":"binary-expr","locations":[{"start":{"line":148,"column":25},"end":{"line":148,"column":63}},{"start":{"line":148,"column":67},"end":{"line":148,"column":96}}]},"13":{"loc":{"start":{"line":162,"column":4},"end":{"line":162,"column":34}},"type":"if","locations":[{"start":{"line":162,"column":4},"end":{"line":162,"column":34}},{"start":{},"end":{}}]}},"s":{"0":1,"1":1,"2":26,"3":26,"4":26,"5":26,"6":11,"7":11,"8":11,"9":11,"10":9,"11":5,"12":5,"13":5,"14":4,"15":4,"16":2,"17":2,"18":0,"19":2,"20":11,"21":24,"22":7,"23":6,"24":2,"25":9,"26":7,"27":1,"28":6,"29":6,"30":3,"31":1,"32":2,"33":2,"34":4,"35":1,"36":3,"37":3,"38":3,"39":1,"40":2,"41":2,"42":2,"43":2,"44":1,"45":1,"46":1,"47":1,"48":0,"49":1,"50":2,"51":2,"52":0,"53":2,"54":2,"55":2,"56":1,"57":1,"58":1,"59":1,"60":1,"61":1,"62":2,"63":1,"64":1,"65":2,"66":1,"67":1,"68":1},"f":{"0":11,"1":26,"2":24,"3":7,"4":6,"5":2,"6":9,"7":7,"8":6,"9":3,"10":2,"11":4,"12":3,"13":3,"14":2,"15":1,"16":1,"17":2,"18":1},"b":{"0":[5,4],"1":[9,5],"2":[4,0],"3":[2,0],"4":[2,2,2],"5":[2,0],"6":[1,6],"7":[1,2],"8":[1,3],"9":[1,2],"10":[1,0],"11":[1,1,1],"12":[1,0],"13":[0,2]}}
,"/home/seba/repositorios/gym-workspace/projects/gym-library/src/lib/services/ejercicio.service.ts": {"path":"/home/seba/repositorios/gym-workspace/projects/gym-library/src/lib/services/ejercicio.service.ts","statementMap":{"0":{"start":{"line":1,"column":0},"end":{"line":1,"column":105}},"1":{"start":{"line":3,"column":0},"end":{"line":3,"column":40}},"2":{"start":{"line":30,"column":7},"end":{"line":430,"column":null}},"3":{"start":{"line":31,"column":32},"end":{"line":31,"column":50}},"4":{"start":{"line":34,"column":33},"end":{"line":34,"column":56}},"5":{"start":{"line":35,"column":32},"end":{"line":35,"column":54}},"6":{"start":{"line":36,"column":28},"end":{"line":36,"column":70}},"7":{"start":{"line":37,"column":44},"end":{"line":37,"column":66}},"8":{"start":{"line":39,"column":29},"end":{"line":39,"column":80}},"9":{"start":{"line":40,"column":35},"end":{"line":40,"column":64}},"10":{"start":{"line":41,"column":28},"end":{"line":41,"column":58}},"11":{"start":{"line":42,"column":64},"end":{"line":42,"column":68}},"12":{"start":{"line":46,"column":4},"end":{"line":48,"column":7}},"13":{"start":{"line":47,"column":6},"end":{"line":47,"column":21}},"14":{"start":{"line":52,"column":28},"end":{"line":52,"column":69}},"15":{"start":{"line":52,"column":43},"end":{"line":52,"column":68}},"16":{"start":{"line":53,"column":32},"end":{"line":54,"column":null}},"17":{"start":{"line":54,"column":4},"end":{"line":54,"column":66}},"18":{"start":{"line":62,"column":4},"end":{"line":62,"column":80}},"19":{"start":{"line":62,"column":26},"end":{"line":62,"column":78}},"20":{"start":{"line":62,"column":57},"end":{"line":62,"column":77}},"21":{"start":{"line":70,"column":4},"end":{"line":70,"column":83}},"22":{"start":{"line":70,"column":26},"end":{"line":70,"column":81}},"23":{"start":{"line":70,"column":57},"end":{"line":70,"column":80}},"24":{"start":{"line":77,"column":4},"end":{"line":77,"column":41}},"25":{"start":{"line":84,"column":4},"end":{"line":84,"column":40}},"26":{"start":{"line":91,"column":4},"end":{"line":91,"column":36}},"27":{"start":{"line":98,"column":4},"end":{"line":98,"column":35}},"28":{"start":{"line":110,"column":4},"end":{"line":112,"column":5}},"29":{"start":{"line":111,"column":6},"end":{"line":111,"column":94}},"30":{"start":{"line":113,"column":4},"end":{"line":115,"column":5}},"31":{"start":{"line":114,"column":6},"end":{"line":114,"column":94}},"32":{"start":{"line":116,"column":4},"end":{"line":118,"column":5}},"33":{"start":{"line":117,"column":6},"end":{"line":117,"column":100}},"34":{"start":{"line":119,"column":4},"end":{"line":121,"column":5}},"35":{"start":{"line":120,"column":6},"end":{"line":120,"column":90}},"36":{"start":{"line":122,"column":4},"end":{"line":122,"column":27}},"37":{"start":{"line":139,"column":4},"end":{"line":142,"column":7}},"38":{"start":{"line":140,"column":20},"end":{"line":140,"column":34}},"39":{"start":{"line":141,"column":6},"end":{"line":141,"column":77}},"40":{"start":{"line":150,"column":4},"end":{"line":153,"column":5}},"41":{"start":{"line":151,"column":6},"end":{"line":151,"column":44}},"42":{"start":{"line":152,"column":6},"end":{"line":152,"column":45}},"43":{"start":{"line":154,"column":4},"end":{"line":154,"column":36}},"44":{"start":{"line":161,"column":4},"end":{"line":161,"column":72}},"45":{"start":{"line":161,"column":65},"end":{"line":161,"column":72}},"46":{"start":{"line":163,"column":4},"end":{"line":177,"column":5}},"47":{"start":{"line":164,"column":6},"end":{"line":172,"column":8}},"48":{"start":{"line":166,"column":10},"end":{"line":166,"column":43}},"49":{"start":{"line":169,"column":10},"end":{"line":169,"column":53}},"50":{"start":{"line":170,"column":10},"end":{"line":170,"column":43}},"51":{"start":{"line":173,"column":6},"end":{"line":173,"column":44}},"52":{"start":{"line":175,"column":6},"end":{"line":175,"column":70}},"53":{"start":{"line":176,"column":6},"end":{"line":176,"column":39}},"54":{"start":{"line":184,"column":4},"end":{"line":186,"column":5}},"55":{"start":{"line":185,"column":6},"end":{"line":185,"column":32}},"56":{"start":{"line":195,"column":4},"end":{"line":195,"column":61}},"57":{"start":{"line":195,"column":40},"end":{"line":195,"column":51}},"58":{"start":{"line":204,"column":25},"end":{"line":204,"column":66}},"59":{"start":{"line":204,"column":54},"end":{"line":204,"column":65}},"60":{"start":{"line":206,"column":4},"end":{"line":214,"column":5}},"61":{"start":{"line":207,"column":18},"end":{"line":207,"column":40}},"62":{"start":{"line":208,"column":6},"end":{"line":212,"column":7}},"63":{"start":{"line":209,"column":8},"end":{"line":211,"column":11}},"64":{"start":{"line":210,"column":10},"end":{"line":210,"column":59}},"65":{"start":{"line":210,"column":39},"end":{"line":210,"column":50}},"66":{"start":{"line":213,"column":6},"end":{"line":213,"column":44}},"67":{"start":{"line":216,"column":4},"end":{"line":230,"column":5}},"68":{"start":{"line":217,"column":30},"end":{"line":217,"column":60}},"69":{"start":{"line":218,"column":6},"end":{"line":218,"column":53}},"70":{"start":{"line":220,"column":6},"end":{"line":229,"column":7}},"71":{"start":{"line":221,"column":28},"end":{"line":223,"column":null}},"72":{"start":{"line":223,"column":25},"end":{"line":223,"column":55}},"73":{"start":{"line":226,"column":8},"end":{"line":228,"column":9}},"74":{"start":{"line":227,"column":10},"end":{"line":227,"column":59}},"75":{"start":{"line":232,"column":4},"end":{"line":232,"column":55}},"76":{"start":{"line":241,"column":4},"end":{"line":243,"column":5}},"77":{"start":{"line":242,"column":6},"end":{"line":242,"column":58}},"78":{"start":{"line":245,"column":23},"end":{"line":245,"column":56}},"79":{"start":{"line":246,"column":4},"end":{"line":248,"column":5}},"80":{"start":{"line":247,"column":6},"end":{"line":247,"column":67}},"81":{"start":{"line":250,"column":32},"end":{"line":250,"column":66}},"82":{"start":{"line":252,"column":4},"end":{"line":252,"column":30}},"83":{"start":{"line":253,"column":4},"end":{"line":253,"column":26}},"84":{"start":{"line":255,"column":4},"end":{"line":263,"column":5}},"85":{"start":{"line":256,"column":6},"end":{"line":256,"column":60}},"86":{"start":{"line":258,"column":6},"end":{"line":258,"column":58}},"87":{"start":{"line":259,"column":6},"end":{"line":259,"column":39}},"88":{"start":{"line":260,"column":6},"end":{"line":260,"column":18}},"89":{"start":{"line":262,"column":6},"end":{"line":262,"column":33}},"90":{"start":{"line":272,"column":4},"end":{"line":274,"column":5}},"91":{"start":{"line":273,"column":6},"end":{"line":273,"column":58}},"92":{"start":{"line":276,"column":4},"end":{"line":279,"column":5}},"93":{"start":{"line":277,"column":6},"end":{"line":277,"column":42}},"94":{"start":{"line":278,"column":6},"end":{"line":278,"column":50}},"95":{"start":{"line":281,"column":4},"end":{"line":281,"column":30}},"96":{"start":{"line":282,"column":4},"end":{"line":282,"column":26}},"97":{"start":{"line":284,"column":30},"end":{"line":284,"column":48}},"98":{"start":{"line":285,"column":30},"end":{"line":285,"column":70}},"99":{"start":{"line":285,"column":58},"end":{"line":285,"column":69}},"100":{"start":{"line":287,"column":4},"end":{"line":290,"column":5}},"101":{"start":{"line":288,"column":6},"end":{"line":288,"column":42}},"102":{"start":{"line":289,"column":6},"end":{"line":289,"column":49}},"103":{"start":{"line":292,"column":4},"end":{"line":292,"column":79}},"104":{"start":{"line":292,"column":42},"end":{"line":292,"column":77}},"105":{"start":{"line":292,"column":65},"end":{"line":292,"column":76}},"106":{"start":{"line":294,"column":4},"end":{"line":303,"column":5}},"107":{"start":{"line":295,"column":6},"end":{"line":295,"column":45}},"108":{"start":{"line":297,"column":6},"end":{"line":297,"column":80}},"109":{"start":{"line":297,"column":44},"end":{"line":297,"column":78}},"110":{"start":{"line":298,"column":6},"end":{"line":298,"column":59}},"111":{"start":{"line":299,"column":6},"end":{"line":299,"column":39}},"112":{"start":{"line":300,"column":6},"end":{"line":300,"column":18}},"113":{"start":{"line":302,"column":6},"end":{"line":302,"column":33}},"114":{"start":{"line":312,"column":28},"end":{"line":312,"column":44}},"115":{"start":{"line":314,"column":4},"end":{"line":314,"column":49}},"116":{"start":{"line":316,"column":4},"end":{"line":321,"column":5}},"117":{"start":{"line":317,"column":6},"end":{"line":317,"column":61}},"118":{"start":{"line":318,"column":6},"end":{"line":320,"column":7}},"119":{"start":{"line":319,"column":8},"end":{"line":319,"column":38}},"120":{"start":{"line":323,"column":4},"end":{"line":327,"column":7}},"121":{"start":{"line":324,"column":6},"end":{"line":326,"column":7}},"122":{"start":{"line":325,"column":8},"end":{"line":325,"column":31}},"123":{"start":{"line":329,"column":16},"end":{"line":329,"column":26}},"124":{"start":{"line":330,"column":4},"end":{"line":332,"column":5}},"125":{"start":{"line":331,"column":6},"end":{"line":331,"column":37}},"126":{"start":{"line":333,"column":4},"end":{"line":333,"column":39}},"127":{"start":{"line":335,"column":4},"end":{"line":335,"column":22}},"128":{"start":{"line":344,"column":4},"end":{"line":348,"column":6}},"129":{"start":{"line":345,"column":6},"end":{"line":346,"column":null}},"130":{"start":{"line":346,"column":8},"end":{"line":346,"column":69}},"131":{"start":{"line":357,"column":4},"end":{"line":361,"column":6}},"132":{"start":{"line":358,"column":6},"end":{"line":359,"column":null}},"133":{"start":{"line":359,"column":8},"end":{"line":359,"column":80}},"134":{"start":{"line":371,"column":4},"end":{"line":373,"column":6}},"135":{"start":{"line":372,"column":6},"end":{"line":372,"column":81}},"136":{"start":{"line":372,"column":50},"end":{"line":372,"column":58}},"137":{"start":{"line":383,"column":4},"end":{"line":385,"column":6}},"138":{"start":{"line":384,"column":6},"end":{"line":384,"column":83}},"139":{"start":{"line":384,"column":50},"end":{"line":384,"column":64}},"140":{"start":{"line":394,"column":4},"end":{"line":394,"column":59}},"141":{"start":{"line":402,"column":4},"end":{"line":402,"column":43}},"142":{"start":{"line":409,"column":4},"end":{"line":409,"column":26}},"143":{"start":{"line":416,"column":4},"end":{"line":418,"column":5}},"144":{"start":{"line":417,"column":6},"end":{"line":417,"column":44}},"145":{"start":{"line":420,"column":4},"end":{"line":420,"column":70}},"146":{"start":{"line":420,"column":55},"end":{"line":420,"column":68}},"147":{"start":{"line":421,"column":4},"end":{"line":421,"column":40}},"148":{"start":{"line":423,"column":4},"end":{"line":423,"column":43}},"149":{"start":{"line":424,"column":4},"end":{"line":424,"column":34}},"150":{"start":{"line":425,"column":4},"end":{"line":425,"column":33}},"151":{"start":{"line":426,"column":4},"end":{"line":426,"column":29}},"152":{"start":{"line":427,"column":4},"end":{"line":427,"column":31}},"153":{"start":{"line":428,"column":4},"end":{"line":428,"column":26}},"154":{"start":{"line":30,"column":13},"end":{"line":30,"column":29}},"155":{"start":{"line":30,"column":13},"end":{"line":430,"column":null}}},"fnMap":{"0":{"name":"(anonymous_0)","decl":{"start":{"line":44,"column":2},"end":{"line":44,"column":null}},"loc":{"start":{"line":44,"column":2},"end":{"line":49,"column":3}}},"1":{"name":"(anonymous_1)","decl":{"start":{"line":46,"column":30},"end":{"line":46,"column":33}},"loc":{"start":{"line":46,"column":35},"end":{"line":48,"column":5}}},"2":{"name":"(anonymous_2)","decl":{"start":{"line":52,"column":37},"end":{"line":52,"column":40}},"loc":{"start":{"line":52,"column":43},"end":{"line":52,"column":68}}},"3":{"name":"(anonymous_3)","decl":{"start":{"line":53,"column":41},"end":{"line":53,"column":44}},"loc":{"start":{"line":54,"column":4},"end":{"line":54,"column":66}}},"4":{"name":"(anonymous_4)","decl":{"start":{"line":61,"column":2},"end":{"line":61,"column":22}},"loc":{"start":{"line":61,"column":22},"end":{"line":63,"column":3}}},"5":{"name":"(anonymous_5)","decl":{"start":{"line":62,"column":20},"end":{"line":62,"column":23}},"loc":{"start":{"line":62,"column":26},"end":{"line":62,"column":78}}},"6":{"name":"(anonymous_6)","decl":{"start":{"line":62,"column":52},"end":{"line":62,"column":53}},"loc":{"start":{"line":62,"column":57},"end":{"line":62,"column":77}}},"7":{"name":"(anonymous_7)","decl":{"start":{"line":69,"column":2},"end":{"line":69,"column":22}},"loc":{"start":{"line":69,"column":22},"end":{"line":71,"column":3}}},"8":{"name":"(anonymous_8)","decl":{"start":{"line":70,"column":20},"end":{"line":70,"column":23}},"loc":{"start":{"line":70,"column":26},"end":{"line":70,"column":81}}},"9":{"name":"(anonymous_9)","decl":{"start":{"line":70,"column":52},"end":{"line":70,"column":53}},"loc":{"start":{"line":70,"column":57},"end":{"line":70,"column":80}}},"10":{"name":"(anonymous_10)","decl":{"start":{"line":76,"column":2},"end":{"line":76,"column":6}},"loc":{"start":{"line":76,"column":16},"end":{"line":78,"column":3}}},"11":{"name":"(anonymous_11)","decl":{"start":{"line":83,"column":2},"end":{"line":83,"column":6}},"loc":{"start":{"line":83,"column":15},"end":{"line":85,"column":3}}},"12":{"name":"(anonymous_12)","decl":{"start":{"line":90,"column":2},"end":{"line":90,"column":6}},"loc":{"start":{"line":90,"column":11},"end":{"line":92,"column":3}}},"13":{"name":"(anonymous_13)","decl":{"start":{"line":97,"column":2},"end":{"line":97,"column":6}},"loc":{"start":{"line":97,"column":25},"end":{"line":99,"column":3}}},"14":{"name":"(anonymous_14)","decl":{"start":{"line":106,"column":10},"end":{"line":106,"column":27}},"loc":{"start":{"line":106,"column":48},"end":{"line":123,"column":3}}},"15":{"name":"(anonymous_15)","decl":{"start":{"line":133,"column":10},"end":{"line":133,"column":23}},"loc":{"start":{"line":137,"column":16},"end":{"line":143,"column":3}}},"16":{"name":"(anonymous_16)","decl":{"start":{"line":139,"column":24},"end":{"line":139,"column":28}},"loc":{"start":{"line":139,"column":31},"end":{"line":142,"column":5}}},"17":{"name":"(anonymous_17)","decl":{"start":{"line":149,"column":2},"end":{"line":149,"column":21}},"loc":{"start":{"line":149,"column":57},"end":{"line":155,"column":3}}},"18":{"name":"(anonymous_18)","decl":{"start":{"line":160,"column":10},"end":{"line":160,"column":28}},"loc":{"start":{"line":160,"column":28},"end":{"line":178,"column":3}}},"19":{"name":"(anonymous_19)","decl":{"start":{"line":165,"column":8},"end":{"line":165,"column":9}},"loc":{"start":{"line":165,"column":36},"end":{"line":167,"column":9}}},"20":{"name":"(anonymous_20)","decl":{"start":{"line":168,"column":8},"end":{"line":168,"column":9}},"loc":{"start":{"line":168,"column":26},"end":{"line":171,"column":9}}},"21":{"name":"(anonymous_21)","decl":{"start":{"line":183,"column":2},"end":{"line":183,"column":30}},"loc":{"start":{"line":183,"column":30},"end":{"line":187,"column":3}}},"22":{"name":"(anonymous_22)","decl":{"start":{"line":194,"column":2},"end":{"line":194,"column":19}},"loc":{"start":{"line":194,"column":30},"end":{"line":196,"column":3}}},"23":{"name":"(anonymous_23)","decl":{"start":{"line":195,"column":35},"end":{"line":195,"column":36}},"loc":{"start":{"line":195,"column":40},"end":{"line":195,"column":51}}},"24":{"name":"(anonymous_24)","decl":{"start":{"line":203,"column":2},"end":{"line":203,"column":14}},"loc":{"start":{"line":203,"column":25},"end":{"line":233,"column":3}}},"25":{"name":"(anonymous_25)","decl":{"start":{"line":204,"column":49},"end":{"line":204,"column":50}},"loc":{"start":{"line":204,"column":54},"end":{"line":204,"column":65}}},"26":{"name":"(anonymous_26)","decl":{"start":{"line":209,"column":47},"end":{"line":209,"column":50}},"loc":{"start":{"line":210,"column":10},"end":{"line":210,"column":59}}},"27":{"name":"(anonymous_27)","decl":{"start":{"line":210,"column":34},"end":{"line":210,"column":35}},"loc":{"start":{"line":210,"column":39},"end":{"line":210,"column":50}}},"28":{"name":"(anonymous_28)","decl":{"start":{"line":223,"column":10},"end":{"line":223,"column":11}},"loc":{"start":{"line":223,"column":25},"end":{"line":223,"column":55}}},"29":{"name":"(anonymous_29)","decl":{"start":{"line":240,"column":2},"end":{"line":240,"column":7}},"loc":{"start":{"line":240,"column":33},"end":{"line":264,"column":3}}},"30":{"name":"(anonymous_30)","decl":{"start":{"line":271,"column":2},"end":{"line":271,"column":7}},"loc":{"start":{"line":271,"column":25},"end":{"line":304,"column":3}}},"31":{"name":"(anonymous_31)","decl":{"start":{"line":285,"column":53},"end":{"line":285,"column":54}},"loc":{"start":{"line":285,"column":58},"end":{"line":285,"column":69}}},"32":{"name":"(anonymous_32)","decl":{"start":{"line":292,"column":28},"end":{"line":292,"column":38}},"loc":{"start":{"line":292,"column":42},"end":{"line":292,"column":77}}},"33":{"name":"(anonymous_33)","decl":{"start":{"line":292,"column":60},"end":{"line":292,"column":61}},"loc":{"start":{"line":292,"column":65},"end":{"line":292,"column":76}}},"34":{"name":"(anonymous_34)","decl":{"start":{"line":297,"column":30},"end":{"line":297,"column":40}},"loc":{"start":{"line":297,"column":44},"end":{"line":297,"column":78}}},"35":{"name":"(anonymous_35)","decl":{"start":{"line":311,"column":10},"end":{"line":311,"column":28}},"loc":{"start":{"line":311,"column":49},"end":{"line":336,"column":3}}},"36":{"name":"(anonymous_36)","decl":{"start":{"line":323,"column":36},"end":{"line":323,"column":39}},"loc":{"start":{"line":323,"column":42},"end":{"line":327,"column":5}}},"37":{"name":"(anonymous_37)","decl":{"start":{"line":343,"column":2},"end":{"line":343,"column":23}},"loc":{"start":{"line":343,"column":38},"end":{"line":349,"column":3}}},"38":{"name":"(anonymous_38)","decl":{"start":{"line":344,"column":20},"end":{"line":344,"column":23}},"loc":{"start":{"line":345,"column":6},"end":{"line":346,"column":null}}},"39":{"name":"(anonymous_39)","decl":{"start":{"line":345,"column":32},"end":{"line":345,"column":41}},"loc":{"start":{"line":346,"column":8},"end":{"line":346,"column":69}}},"40":{"name":"(anonymous_40)","decl":{"start":{"line":356,"column":2},"end":{"line":356,"column":28}},"loc":{"start":{"line":356,"column":48},"end":{"line":362,"column":3}}},"41":{"name":"(anonymous_41)","decl":{"start":{"line":357,"column":20},"end":{"line":357,"column":23}},"loc":{"start":{"line":358,"column":6},"end":{"line":359,"column":null}}},"42":{"name":"(anonymous_42)","decl":{"start":{"line":358,"column":32},"end":{"line":358,"column":41}},"loc":{"start":{"line":359,"column":8},"end":{"line":359,"column":80}}},"43":{"name":"(anonymous_43)","decl":{"start":{"line":370,"column":2},"end":{"line":370,"column":23}},"loc":{"start":{"line":370,"column":61},"end":{"line":374,"column":3}}},"44":{"name":"(anonymous_44)","decl":{"start":{"line":371,"column":20},"end":{"line":371,"column":23}},"loc":{"start":{"line":372,"column":6},"end":{"line":372,"column":81}}},"45":{"name":"(anonymous_45)","decl":{"start":{"line":372,"column":45},"end":{"line":372,"column":46}},"loc":{"start":{"line":372,"column":50},"end":{"line":372,"column":58}}},"46":{"name":"(anonymous_46)","decl":{"start":{"line":382,"column":2},"end":{"line":382,"column":29}},"loc":{"start":{"line":382,"column":63},"end":{"line":386,"column":3}}},"47":{"name":"(anonymous_47)","decl":{"start":{"line":383,"column":20},"end":{"line":383,"column":23}},"loc":{"start":{"line":384,"column":6},"end":{"line":384,"column":83}}},"48":{"name":"(anonymous_48)","decl":{"start":{"line":384,"column":45},"end":{"line":384,"column":46}},"loc":{"start":{"line":384,"column":50},"end":{"line":384,"column":64}}},"49":{"name":"(anonymous_49)","decl":{"start":{"line":393,"column":2},"end":{"line":393,"column":8}},"loc":{"start":{"line":393,"column":36},"end":{"line":395,"column":3}}},"50":{"name":"(anonymous_50)","decl":{"start":{"line":401,"column":2},"end":{"line":401,"column":8}},"loc":{"start":{"line":401,"column":26},"end":{"line":403,"column":3}}},"51":{"name":"(anonymous_51)","decl":{"start":{"line":408,"column":2},"end":{"line":408,"column":12}},"loc":{"start":{"line":408,"column":12},"end":{"line":410,"column":3}}},"52":{"name":"(anonymous_52)","decl":{"start":{"line":415,"column":2},"end":{"line":415,"column":9}},"loc":{"start":{"line":415,"column":9},"end":{"line":429,"column":3}}},"53":{"name":"(anonymous_53)","decl":{"start":{"line":420,"column":40},"end":{"line":420,"column":51}},"loc":{"start":{"line":420,"column":55},"end":{"line":420,"column":68}}}},"branchMap":{"0":{"loc":{"start":{"line":54,"column":4},"end":{"line":54,"column":66}},"type":"binary-expr","locations":[{"start":{"line":54,"column":4},"end":{"line":54,"column":33}},{"start":{"line":54,"column":37},"end":{"line":54,"column":66}}]},"1":{"loc":{"start":{"line":62,"column":57},"end":{"line":62,"column":77}},"type":"binary-expr","locations":[{"start":{"line":62,"column":57},"end":{"line":62,"column":63}},{"start":{"line":62,"column":67},"end":{"line":62,"column":77}}]},"2":{"loc":{"start":{"line":70,"column":57},"end":{"line":70,"column":80}},"type":"binary-expr","locations":[{"start":{"line":70,"column":57},"end":{"line":70,"column":64}},{"start":{"line":70,"column":68},"end":{"line":70,"column":80}}]},"3":{"loc":{"start":{"line":110,"column":4},"end":{"line":112,"column":5}},"type":"if","locations":[{"start":{"line":110,"column":4},"end":{"line":112,"column":5}},{"start":{},"end":{}}]},"4":{"loc":{"start":{"line":110,"column":8},"end":{"line":110,"column":59}},"type":"binary-expr","locations":[{"start":{"line":110,"column":8},"end":{"line":110,"column":25}},{"start":{"line":110,"column":29},"end":{"line":110,"column":59}}]},"5":{"loc":{"start":{"line":113,"column":4},"end":{"line":115,"column":5}},"type":"if","locations":[{"start":{"line":113,"column":4},"end":{"line":115,"column":5}},{"start":{},"end":{}}]},"6":{"loc":{"start":{"line":116,"column":4},"end":{"line":118,"column":5}},"type":"if","locations":[{"start":{"line":116,"column":4},"end":{"line":118,"column":5}},{"start":{},"end":{}}]},"7":{"loc":{"start":{"line":119,"column":4},"end":{"line":121,"column":5}},"type":"if","locations":[{"start":{"line":119,"column":4},"end":{"line":121,"column":5}},{"start":{},"end":{}}]},"8":{"loc":{"start":{"line":119,"column":8},"end":{"line":119,"column":58}},"type":"binary-expr","locations":[{"start":{"line":119,"column":8},"end":{"line":119,"column":36}},{"start":{"line":119,"column":40},"end":{"line":119,"column":58}}]},"9":{"loc":{"start":{"line":141,"column":13},"end":{"line":141,"column":76}},"type":"cond-expr","locations":[{"start":{"line":141,"column":33},"end":{"line":141,"column":61}},{"start":{"line":141,"column":64},"end":{"line":141,"column":76}}]},"10":{"loc":{"start":{"line":141,"column":33},"end":{"line":141,"column":61}},"type":"binary-expr","locations":[{"start":{"line":141,"column":33},"end":{"line":141,"column":45}},{"start":{"line":141,"column":49},"end":{"line":141,"column":61}}]},"11":{"loc":{"start":{"line":150,"column":4},"end":{"line":153,"column":5}},"type":"if","locations":[{"start":{"line":150,"column":4},"end":{"line":153,"column":5}},{"start":{},"end":{}}]},"12":{"loc":{"start":{"line":150,"column":8},"end":{"line":150,"column":62}},"type":"binary-expr","locations":[{"start":{"line":150,"column":8},"end":{"line":150,"column":29}},{"start":{"line":150,"column":33},"end":{"line":150,"column":62}}]},"13":{"loc":{"start":{"line":161,"column":4},"end":{"line":161,"column":72}},"type":"if","locations":[{"start":{"line":161,"column":4},"end":{"line":161,"column":72}},{"start":{},"end":{}}]},"14":{"loc":{"start":{"line":161,"column":8},"end":{"line":161,"column":63}},"type":"binary-expr","locations":[{"start":{"line":161,"column":8},"end":{"line":161,"column":37}},{"start":{"line":161,"column":41},"end":{"line":161,"column":63}}]},"15":{"loc":{"start":{"line":184,"column":4},"end":{"line":186,"column":5}},"type":"if","locations":[{"start":{"line":184,"column":4},"end":{"line":186,"column":5}},{"start":{},"end":{}}]},"16":{"loc":{"start":{"line":184,"column":8},"end":{"line":184,"column":63}},"type":"binary-expr","locations":[{"start":{"line":184,"column":8},"end":{"line":184,"column":38}},{"start":{"line":184,"column":42},"end":{"line":184,"column":63}}]},"17":{"loc":{"start":{"line":195,"column":11},"end":{"line":195,"column":60}},"type":"binary-expr","locations":[{"start":{"line":195,"column":11},"end":{"line":195,"column":52}},{"start":{"line":195,"column":56},"end":{"line":195,"column":60}}]},"18":{"loc":{"start":{"line":206,"column":4},"end":{"line":214,"column":5}},"type":"if","locations":[{"start":{"line":206,"column":4},"end":{"line":214,"column":5}},{"start":{},"end":{}}]},"19":{"loc":{"start":{"line":208,"column":6},"end":{"line":212,"column":7}},"type":"if","locations":[{"start":{"line":208,"column":6},"end":{"line":212,"column":7}},{"start":{},"end":{}}]},"20":{"loc":{"start":{"line":210,"column":10},"end":{"line":210,"column":59}},"type":"binary-expr","locations":[{"start":{"line":210,"column":10},"end":{"line":210,"column":51}},{"start":{"line":210,"column":55},"end":{"line":210,"column":59}}]},"21":{"loc":{"start":{"line":216,"column":4},"end":{"line":230,"column":5}},"type":"if","locations":[{"start":{"line":216,"column":4},"end":{"line":230,"column":5}},{"start":{},"end":{}}]},"22":{"loc":{"start":{"line":220,"column":6},"end":{"line":229,"column":7}},"type":"if","locations":[{"start":{"line":220,"column":6},"end":{"line":229,"column":7}},{"start":{},"end":{}}]},"23":{"loc":{"start":{"line":226,"column":8},"end":{"line":228,"column":9}},"type":"if","locations":[{"start":{"line":226,"column":8},"end":{"line":228,"column":9}},{"start":{},"end":{}}]},"24":{"loc":{"start":{"line":241,"column":4},"end":{"line":243,"column":5}},"type":"if","locations":[{"start":{"line":241,"column":4},"end":{"line":243,"column":5}},{"start":{},"end":{}}]},"25":{"loc":{"start":{"line":246,"column":4},"end":{"line":248,"column":5}},"type":"if","locations":[{"start":{"line":246,"column":4},"end":{"line":248,"column":5}},{"start":{},"end":{}}]},"26":{"loc":{"start":{"line":247,"column":22},"end":{"line":247,"column":65}},"type":"binary-expr","locations":[{"start":{"line":247,"column":22},"end":{"line":247,"column":40}},{"start":{"line":247,"column":44},"end":{"line":247,"column":65}}]},"27":{"loc":{"start":{"line":272,"column":4},"end":{"line":274,"column":5}},"type":"if","locations":[{"start":{"line":272,"column":4},"end":{"line":274,"column":5}},{"start":{},"end":{}}]},"28":{"loc":{"start":{"line":276,"column":4},"end":{"line":279,"column":5}},"type":"if","locations":[{"start":{"line":276,"column":4},"end":{"line":279,"column":5}},{"start":{},"end":{}}]},"29":{"loc":{"start":{"line":276,"column":8},"end":{"line":276,"column":31}},"type":"binary-expr","locations":[{"start":{"line":276,"column":8},"end":{"line":276,"column":11}},{"start":{"line":276,"column":15},"end":{"line":276,"column":31}}]},"30":{"loc":{"start":{"line":287,"column":4},"end":{"line":290,"column":5}},"type":"if","locations":[{"start":{"line":287,"column":4},"end":{"line":290,"column":5}},{"start":{},"end":{}}]},"31":{"loc":{"start":{"line":316,"column":4},"end":{"line":321,"column":5}},"type":"if","locations":[{"start":{"line":316,"column":4},"end":{"line":321,"column":5}},{"start":{},"end":{}}]},"32":{"loc":{"start":{"line":318,"column":6},"end":{"line":320,"column":7}},"type":"if","locations":[{"start":{"line":318,"column":6},"end":{"line":320,"column":7}},{"start":{},"end":{}}]},"33":{"loc":{"start":{"line":324,"column":6},"end":{"line":326,"column":7}},"type":"if","locations":[{"start":{"line":324,"column":6},"end":{"line":326,"column":7}},{"start":{},"end":{}}]},"34":{"loc":{"start":{"line":330,"column":4},"end":{"line":332,"column":5}},"type":"if","locations":[{"start":{"line":330,"column":4},"end":{"line":332,"column":5}},{"start":{},"end":{}}]},"35":{"loc":{"start":{"line":330,"column":8},"end":{"line":330,"column":46}},"type":"binary-expr","locations":[{"start":{"line":330,"column":8},"end":{"line":330,"column":22}},{"start":{"line":330,"column":26},"end":{"line":330,"column":46}}]},"36":{"loc":{"start":{"line":394,"column":11},"end":{"line":394,"column":58}},"type":"binary-expr","locations":[{"start":{"line":394,"column":11},"end":{"line":394,"column":32}},{"start":{"line":394,"column":36},"end":{"line":394,"column":58}}]},"37":{"loc":{"start":{"line":416,"column":4},"end":{"line":418,"column":5}},"type":"if","locations":[{"start":{"line":416,"column":4},"end":{"line":418,"column":5}},{"start":{},"end":{}}]},"38":{"loc":{"start":{"line":416,"column":8},"end":{"line":416,"column":62}},"type":"binary-expr","locations":[{"start":{"line":416,"column":8},"end":{"line":416,"column":29}},{"start":{"line":416,"column":33},"end":{"line":416,"column":62}}]}},"s":{"0":3,"1":3,"2":3,"3":56,"4":56,"5":56,"6":56,"7":56,"8":56,"9":56,"10":56,"11":56,"12":56,"13":0,"14":56,"15":56,"16":56,"17":56,"18":1,"19":1,"20":1,"21":1,"22":1,"23":1,"24":5,"25":2,"26":11,"27":2,"28":7,"29":1,"30":6,"31":1,"32":5,"33":1,"34":4,"35":1,"36":3,"37":3,"38":5,"39":5,"40":53,"41":1,"42":1,"43":53,"44":5,"45":0,"46":5,"47":5,"48":1,"49":1,"50":1,"51":4,"52":1,"53":1,"54":7,"55":5,"56":2,"57":2,"58":8,"59":3,"60":8,"61":3,"62":3,"63":2,"64":2,"65":2,"66":3,"67":5,"68":4,"69":4,"70":4,"71":4,"72":1,"73":4,"74":4,"75":5,"76":8,"77":1,"78":7,"79":7,"80":4,"81":3,"82":3,"83":3,"84":3,"85":3,"86":2,"87":2,"88":2,"89":3,"90":5,"91":1,"92":4,"93":1,"94":1,"95":3,"96":3,"97":3,"98":3,"99":2,"100":3,"101":1,"102":1,"103":2,"104":2,"105":2,"106":2,"107":2,"108":1,"109":1,"110":1,"111":1,"112":1,"113":2,"114":8,"115":8,"116":8,"117":8,"118":8,"119":1,"120":8,"121":80,"122":1,"123":8,"124":8,"125":1,"126":8,"127":8,"128":1,"129":1,"130":1,"131":1,"132":1,"133":1,"134":2,"135":2,"136":4,"137":1,"138":1,"139":1,"140":3,"141":1,"142":1,"143":3,"144":1,"145":3,"146":1,"147":3,"148":3,"149":3,"150":3,"151":3,"152":3,"153":3,"154":3,"155":3},"f":{"0":56,"1":0,"2":56,"3":56,"4":1,"5":1,"6":1,"7":1,"8":1,"9":1,"10":5,"11":2,"12":11,"13":2,"14":7,"15":3,"16":5,"17":53,"18":5,"19":1,"20":1,"21":7,"22":2,"23":2,"24":8,"25":3,"26":2,"27":2,"28":1,"29":8,"30":5,"31":2,"32":2,"33":2,"34":1,"35":8,"36":80,"37":1,"38":1,"39":1,"40":1,"41":1,"42":1,"43":2,"44":2,"45":4,"46":1,"47":1,"48":1,"49":3,"50":1,"51":1,"52":3,"53":1},"b":{"0":[56,56],"1":[1,1],"2":[1,0],"3":[1,6],"4":[7,6],"5":[1,5],"6":[1,4],"7":[1,3],"8":[4,4],"9":[2,3],"10":[2,2],"11":[1,52],"12":[53,1],"13":[0,5],"14":[5,5],"15":[5,2],"16":[7,6],"17":[2,1],"18":[3,5],"19":[2,1],"20":[2,0],"21":[4,1],"22":[4,0],"23":[4,0],"24":[1,7],"25":[4,3],"26":[4,0],"27":[1,4],"28":[1,3],"29":[4,3],"30":[1,2],"31":[8,0],"32":[1,7],"33":[1,79],"34":[1,7],"35":[8,7],"36":[3,2],"37":[1,2],"38":[3,3]}}
,"/home/seba/repositorios/gym-workspace/projects/gym-library/src/lib/services/entrenado.service.ts": {"path":"/home/seba/repositorios/gym-workspace/projects/gym-library/src/lib/services/entrenado.service.ts","statementMap":{"0":{"start":{"line":1,"column":0},"end":{"line":1,"column":105}},"1":{"start":{"line":12,"column":7},"end":{"line":219,"column":null}},"2":{"start":{"line":13,"column":32},"end":{"line":13,"column":50}},"3":{"start":{"line":16,"column":33},"end":{"line":16,"column":56}},"4":{"start":{"line":17,"column":38},"end":{"line":17,"column":null}},"5":{"start":{"line":22,"column":34},"end":{"line":22,"column":39}},"6":{"start":{"line":28,"column":4},"end":{"line":30,"column":7}},"7":{"start":{"line":29,"column":6},"end":{"line":29,"column":21}},"8":{"start":{"line":34,"column":28},"end":{"line":34,"column":69}},"9":{"start":{"line":34,"column":43},"end":{"line":34,"column":68}},"10":{"start":{"line":35,"column":34},"end":{"line":35,"column":75}},"11":{"start":{"line":35,"column":49},"end":{"line":35,"column":74}},"12":{"start":{"line":41,"column":4},"end":{"line":41,"column":36}},"13":{"start":{"line":48,"column":4},"end":{"line":48,"column":69}},"14":{"start":{"line":48,"column":62},"end":{"line":48,"column":69}},"15":{"start":{"line":50,"column":4},"end":{"line":58,"column":5}},"16":{"start":{"line":51,"column":6},"end":{"line":54,"column":9}},"17":{"start":{"line":53,"column":8},"end":{"line":53,"column":46}},"18":{"start":{"line":55,"column":6},"end":{"line":55,"column":40}},"19":{"start":{"line":57,"column":6},"end":{"line":57,"column":69}},"20":{"start":{"line":65,"column":4},"end":{"line":67,"column":5}},"21":{"start":{"line":66,"column":6},"end":{"line":66,"column":32}},"22":{"start":{"line":68,"column":4},"end":{"line":68,"column":41}},"23":{"start":{"line":75,"column":4},"end":{"line":86,"column":5}},"24":{"start":{"line":76,"column":30},"end":{"line":76,"column":60}},"25":{"start":{"line":77,"column":32},"end":{"line":77,"column":40}},"26":{"start":{"line":79,"column":6},"end":{"line":83,"column":7}},"27":{"start":{"line":80,"column":8},"end":{"line":82,"column":11}},"28":{"start":{"line":81,"column":10},"end":{"line":81,"column":41}},"29":{"start":{"line":85,"column":6},"end":{"line":85,"column":74}},"30":{"start":{"line":88,"column":4},"end":{"line":88,"column":62}},"31":{"start":{"line":95,"column":4},"end":{"line":97,"column":5}},"32":{"start":{"line":96,"column":6},"end":{"line":96,"column":58}},"33":{"start":{"line":99,"column":26},"end":{"line":99,"column":44}},"34":{"start":{"line":101,"column":4},"end":{"line":119,"column":5}},"35":{"start":{"line":103,"column":20},"end":{"line":103,"column":71}},"36":{"start":{"line":103,"column":49},"end":{"line":103,"column":70}},"37":{"start":{"line":105,"column":23},"end":{"line":107,"column":39}},"38":{"start":{"line":106,"column":38},"end":{"line":106,"column":72}},"39":{"start":{"line":109,"column":6},"end":{"line":109,"column":37}},"40":{"start":{"line":112,"column":6},"end":{"line":112,"column":50}},"41":{"start":{"line":116,"column":6},"end":{"line":116,"column":42}},"42":{"start":{"line":117,"column":6},"end":{"line":117,"column":58}},"43":{"start":{"line":118,"column":6},"end":{"line":118,"column":18}},"44":{"start":{"line":126,"column":4},"end":{"line":128,"column":5}},"45":{"start":{"line":127,"column":6},"end":{"line":127,"column":58}},"46":{"start":{"line":130,"column":26},"end":{"line":130,"column":44}},"47":{"start":{"line":132,"column":4},"end":{"line":143,"column":5}},"48":{"start":{"line":134,"column":6},"end":{"line":134,"column":67}},"49":{"start":{"line":134,"column":53},"end":{"line":134,"column":64}},"50":{"start":{"line":136,"column":6},"end":{"line":136,"column":45}},"51":{"start":{"line":140,"column":6},"end":{"line":140,"column":42}},"52":{"start":{"line":141,"column":6},"end":{"line":141,"column":59}},"53":{"start":{"line":142,"column":6},"end":{"line":142,"column":18}},"54":{"start":{"line":150,"column":4},"end":{"line":152,"column":6}},"55":{"start":{"line":151,"column":6},"end":{"line":151,"column":55}},"56":{"start":{"line":151,"column":35},"end":{"line":151,"column":46}},"57":{"start":{"line":159,"column":4},"end":{"line":161,"column":6}},"58":{"start":{"line":160,"column":6},"end":{"line":160,"column":61}},"59":{"start":{"line":160,"column":37},"end":{"line":160,"column":60}},"60":{"start":{"line":168,"column":4},"end":{"line":170,"column":6}},"61":{"start":{"line":169,"column":6},"end":{"line":169,"column":78}},"62":{"start":{"line":169,"column":37},"end":{"line":169,"column":77}},"63":{"start":{"line":177,"column":4},"end":{"line":179,"column":6}},"64":{"start":{"line":178,"column":6},"end":{"line":178,"column":74}},"65":{"start":{"line":178,"column":37},"end":{"line":178,"column":73}},"66":{"start":{"line":186,"column":4},"end":{"line":186,"column":30}},"67":{"start":{"line":186,"column":26},"end":{"line":186,"column":28}},"68":{"start":{"line":193,"column":4},"end":{"line":193,"column":41}},"69":{"start":{"line":200,"column":4},"end":{"line":203,"column":5}},"70":{"start":{"line":201,"column":6},"end":{"line":201,"column":29}},"71":{"start":{"line":202,"column":6},"end":{"line":202,"column":39}},"72":{"start":{"line":206,"column":4},"end":{"line":206,"column":62}},"73":{"start":{"line":206,"column":51},"end":{"line":206,"column":60}},"74":{"start":{"line":207,"column":4},"end":{"line":207,"column":34}},"75":{"start":{"line":209,"column":4},"end":{"line":209,"column":39}},"76":{"start":{"line":216,"column":4},"end":{"line":216,"column":19}},"77":{"start":{"line":217,"column":4},"end":{"line":217,"column":29}},"78":{"start":{"line":12,"column":13},"end":{"line":12,"column":29}},"79":{"start":{"line":12,"column":13},"end":{"line":219,"column":null}}},"fnMap":{"0":{"name":"(anonymous_0)","decl":{"start":{"line":26,"column":2},"end":{"line":26,"column":null}},"loc":{"start":{"line":26,"column":2},"end":{"line":31,"column":3}}},"1":{"name":"(anonymous_1)","decl":{"start":{"line":28,"column":30},"end":{"line":28,"column":33}},"loc":{"start":{"line":28,"column":35},"end":{"line":30,"column":5}}},"2":{"name":"(anonymous_2)","decl":{"start":{"line":34,"column":37},"end":{"line":34,"column":40}},"loc":{"start":{"line":34,"column":43},"end":{"line":34,"column":68}}},"3":{"name":"(anonymous_3)","decl":{"start":{"line":35,"column":43},"end":{"line":35,"column":46}},"loc":{"start":{"line":35,"column":49},"end":{"line":35,"column":74}}},"4":{"name":"(anonymous_4)","decl":{"start":{"line":40,"column":2},"end":{"line":40,"column":21}},"loc":{"start":{"line":40,"column":57},"end":{"line":42,"column":3}}},"5":{"name":"(anonymous_5)","decl":{"start":{"line":47,"column":10},"end":{"line":47,"column":28}},"loc":{"start":{"line":47,"column":28},"end":{"line":59,"column":3}}},"6":{"name":"(anonymous_6)","decl":{"start":{"line":51,"column":70},"end":{"line":51,"column":71}},"loc":{"start":{"line":51,"column":98},"end":{"line":54,"column":7}}},"7":{"name":"(anonymous_7)","decl":{"start":{"line":64,"column":2},"end":{"line":64,"column":6}},"loc":{"start":{"line":64,"column":16},"end":{"line":69,"column":3}}},"8":{"name":"(anonymous_8)","decl":{"start":{"line":74,"column":2},"end":{"line":74,"column":14}},"loc":{"start":{"line":74,"column":25},"end":{"line":89,"column":3}}},"9":{"name":"(anonymous_9)","decl":{"start":{"line":77,"column":32},"end":{"line":77,"column":35}},"loc":{"start":{"line":77,"column":37},"end":{"line":77,"column":40}}},"10":{"name":"(anonymous_10)","decl":{"start":{"line":80,"column":65},"end":{"line":80,"column":66}},"loc":{"start":{"line":80,"column":79},"end":{"line":82,"column":9}}},"11":{"name":"(anonymous_11)","decl":{"start":{"line":94,"column":2},"end":{"line":94,"column":7}},"loc":{"start":{"line":94,"column":33},"end":{"line":120,"column":3}}},"12":{"name":"(anonymous_12)","decl":{"start":{"line":103,"column":44},"end":{"line":103,"column":45}},"loc":{"start":{"line":103,"column":49},"end":{"line":103,"column":70}}},"13":{"name":"(anonymous_13)","decl":{"start":{"line":106,"column":28},"end":{"line":106,"column":29}},"loc":{"start":{"line":106,"column":38},"end":{"line":106,"column":72}}},"14":{"name":"(anonymous_14)","decl":{"start":{"line":125,"column":2},"end":{"line":125,"column":7}},"loc":{"start":{"line":125,"column":25},"end":{"line":144,"column":3}}},"15":{"name":"(anonymous_15)","decl":{"start":{"line":134,"column":48},"end":{"line":134,"column":49}},"loc":{"start":{"line":134,"column":53},"end":{"line":134,"column":64}}},"16":{"name":"(anonymous_16)","decl":{"start":{"line":149,"column":2},"end":{"line":149,"column":18}},"loc":{"start":{"line":149,"column":29},"end":{"line":153,"column":3}}},"17":{"name":"(anonymous_17)","decl":{"start":{"line":150,"column":20},"end":{"line":150,"column":23}},"loc":{"start":{"line":151,"column":6},"end":{"line":151,"column":55}}},"18":{"name":"(anonymous_18)","decl":{"start":{"line":151,"column":30},"end":{"line":151,"column":31}},"loc":{"start":{"line":151,"column":35},"end":{"line":151,"column":46}}},"19":{"name":"(anonymous_19)","decl":{"start":{"line":158,"column":2},"end":{"line":158,"column":25}},"loc":{"start":{"line":158,"column":42},"end":{"line":162,"column":3}}},"20":{"name":"(anonymous_20)","decl":{"start":{"line":159,"column":20},"end":{"line":159,"column":23}},"loc":{"start":{"line":160,"column":6},"end":{"line":160,"column":61}}},"21":{"name":"(anonymous_21)","decl":{"start":{"line":160,"column":32},"end":{"line":160,"column":33}},"loc":{"start":{"line":160,"column":37},"end":{"line":160,"column":60}}},"22":{"name":"(anonymous_22)","decl":{"start":{"line":167,"column":2},"end":{"line":167,"column":27}},"loc":{"start":{"line":167,"column":48},"end":{"line":171,"column":3}}},"23":{"name":"(anonymous_23)","decl":{"start":{"line":168,"column":20},"end":{"line":168,"column":23}},"loc":{"start":{"line":169,"column":6},"end":{"line":169,"column":78}}},"24":{"name":"(anonymous_24)","decl":{"start":{"line":169,"column":32},"end":{"line":169,"column":33}},"loc":{"start":{"line":169,"column":37},"end":{"line":169,"column":77}}},"25":{"name":"(anonymous_25)","decl":{"start":{"line":176,"column":2},"end":{"line":176,"column":29}},"loc":{"start":{"line":176,"column":46},"end":{"line":180,"column":3}}},"26":{"name":"(anonymous_26)","decl":{"start":{"line":177,"column":20},"end":{"line":177,"column":23}},"loc":{"start":{"line":178,"column":6},"end":{"line":178,"column":74}}},"27":{"name":"(anonymous_27)","decl":{"start":{"line":178,"column":32},"end":{"line":178,"column":33}},"loc":{"start":{"line":178,"column":37},"end":{"line":178,"column":73}}},"28":{"name":"(anonymous_28)","decl":{"start":{"line":185,"column":2},"end":{"line":185,"column":31}},"loc":{"start":{"line":185,"column":48},"end":{"line":187,"column":3}}},"29":{"name":"(anonymous_29)","decl":{"start":{"line":186,"column":20},"end":{"line":186,"column":23}},"loc":{"start":{"line":186,"column":26},"end":{"line":186,"column":28}}},"30":{"name":"(anonymous_30)","decl":{"start":{"line":192,"column":2},"end":{"line":192,"column":22}},"loc":{"start":{"line":192,"column":22},"end":{"line":194,"column":3}}},"31":{"name":"(anonymous_31)","decl":{"start":{"line":198,"column":10},"end":{"line":198,"column":17}},"loc":{"start":{"line":198,"column":17},"end":{"line":210,"column":3}}},"32":{"name":"(anonymous_32)","decl":{"start":{"line":206,"column":34},"end":{"line":206,"column":35}},"loc":{"start":{"line":206,"column":51},"end":{"line":206,"column":60}}},"33":{"name":"(anonymous_33)","decl":{"start":{"line":215,"column":2},"end":{"line":215,"column":7}},"loc":{"start":{"line":215,"column":7},"end":{"line":218,"column":3}}}},"branchMap":{"0":{"loc":{"start":{"line":48,"column":4},"end":{"line":48,"column":69}},"type":"if","locations":[{"start":{"line":48,"column":4},"end":{"line":48,"column":69}},{"start":{},"end":{}}]},"1":{"loc":{"start":{"line":48,"column":8},"end":{"line":48,"column":60}},"type":"binary-expr","locations":[{"start":{"line":48,"column":8},"end":{"line":48,"column":34}},{"start":{"line":48,"column":38},"end":{"line":48,"column":60}}]},"2":{"loc":{"start":{"line":65,"column":4},"end":{"line":67,"column":5}},"type":"if","locations":[{"start":{"line":65,"column":4},"end":{"line":67,"column":5}},{"start":{},"end":{}}]},"3":{"loc":{"start":{"line":65,"column":8},"end":{"line":65,"column":60}},"type":"binary-expr","locations":[{"start":{"line":65,"column":8},"end":{"line":65,"column":35}},{"start":{"line":65,"column":39},"end":{"line":65,"column":60}}]},"4":{"loc":{"start":{"line":75,"column":4},"end":{"line":86,"column":5}},"type":"if","locations":[{"start":{"line":75,"column":4},"end":{"line":86,"column":5}},{"start":{},"end":{}}]},"5":{"loc":{"start":{"line":79,"column":6},"end":{"line":83,"column":7}},"type":"if","locations":[{"start":{"line":79,"column":6},"end":{"line":83,"column":7}},{"start":{},"end":{}}]},"6":{"loc":{"start":{"line":95,"column":4},"end":{"line":97,"column":5}},"type":"if","locations":[{"start":{"line":95,"column":4},"end":{"line":97,"column":5}},{"start":{},"end":{}}]},"7":{"loc":{"start":{"line":105,"column":23},"end":{"line":107,"column":39}},"type":"cond-expr","locations":[{"start":{"line":106,"column":10},"end":{"line":106,"column":73}},{"start":{"line":107,"column":10},"end":{"line":107,"column":39}}]},"8":{"loc":{"start":{"line":106,"column":38},"end":{"line":106,"column":72}},"type":"cond-expr","locations":[{"start":{"line":106,"column":52},"end":{"line":106,"column":68}},{"start":{"line":106,"column":71},"end":{"line":106,"column":72}}]},"9":{"loc":{"start":{"line":126,"column":4},"end":{"line":128,"column":5}},"type":"if","locations":[{"start":{"line":126,"column":4},"end":{"line":128,"column":5}},{"start":{},"end":{}}]},"10":{"loc":{"start":{"line":151,"column":6},"end":{"line":151,"column":55}},"type":"binary-expr","locations":[{"start":{"line":151,"column":6},"end":{"line":151,"column":47}},{"start":{"line":151,"column":51},"end":{"line":151,"column":55}}]},"11":{"loc":{"start":{"line":200,"column":4},"end":{"line":203,"column":5}},"type":"if","locations":[{"start":{"line":200,"column":4},"end":{"line":203,"column":5}},{"start":{},"end":{}}]}},"s":{"0":3,"1":3,"2":51,"3":51,"4":51,"5":51,"6":51,"7":0,"8":51,"9":51,"10":51,"11":51,"12":46,"13":17,"14":0,"15":17,"16":17,"17":4,"18":16,"19":1,"20":23,"21":16,"22":23,"23":8,"24":7,"25":7,"26":7,"27":6,"28":1,"29":7,"30":8,"31":5,"32":1,"33":4,"34":4,"35":4,"36":4,"37":4,"38":3,"39":4,"40":4,"41":1,"42":1,"43":1,"44":3,"45":1,"46":2,"47":2,"48":2,"49":4,"50":2,"51":1,"52":1,"53":1,"54":3,"55":3,"56":4,"57":3,"58":3,"59":5,"60":3,"61":3,"62":5,"63":3,"64":3,"65":5,"66":1,"67":1,"68":1,"69":6,"70":4,"71":4,"72":6,"73":2,"74":6,"75":6,"76":2,"77":2,"78":3,"79":3},"f":{"0":51,"1":0,"2":51,"3":51,"4":46,"5":17,"6":4,"7":23,"8":8,"9":0,"10":1,"11":5,"12":4,"13":3,"14":3,"15":4,"16":3,"17":3,"18":4,"19":3,"20":3,"21":5,"22":3,"23":3,"24":5,"25":3,"26":3,"27":5,"28":1,"29":1,"30":1,"31":6,"32":2,"33":2},"b":{"0":[0,17],"1":[17,17],"2":[16,7],"3":[23,18],"4":[7,1],"5":[6,1],"6":[1,4],"7":[3,1],"8":[3,0],"9":[1,2],"10":[3,1],"11":[4,2]}}
,"/home/seba/repositorios/gym-workspace/projects/gym-library/src/lib/services/entrenador.service.ts": {"path":"/home/seba/repositorios/gym-workspace/projects/gym-library/src/lib/services/entrenador.service.ts","statementMap":{"0":{"start":{"line":1,"column":0},"end":{"line":1,"column":85}},"1":{"start":{"line":3,"column":0},"end":{"line":3,"column":49}},"2":{"start":{"line":4,"column":0},"end":{"line":4,"column":55}},"3":{"start":{"line":5,"column":0},"end":{"line":5,"column":55}},"4":{"start":{"line":6,"column":0},"end":{"line":6,"column":45}},"5":{"start":{"line":7,"column":0},"end":{"line":7,"column":61}},"6":{"start":{"line":8,"column":0},"end":{"line":8,"column":51}},"7":{"start":{"line":9,"column":0},"end":{"line":9,"column":57}},"8":{"start":{"line":15,"column":4},"end":{"line":15,"column":19}},"9":{"start":{"line":16,"column":4},"end":{"line":16,"column":33}},"10":{"start":{"line":13,"column":0},"end":{"line":13,"column":13}},"11":{"start":{"line":69,"column":13},"end":{"line":69,"column":122}},"12":{"start":{"line":78,"column":7},"end":{"line":489,"column":null}},"13":{"start":{"line":79,"column":20},"end":{"line":79,"column":56}},"14":{"start":{"line":80,"column":26},"end":{"line":80,"column":47}},"15":{"start":{"line":81,"column":29},"end":{"line":81,"column":53}},"16":{"start":{"line":82,"column":29},"end":{"line":82,"column":53}},"17":{"start":{"line":83,"column":24},"end":{"line":83,"column":43}},"18":{"start":{"line":84,"column":32},"end":{"line":84,"column":59}},"19":{"start":{"line":85,"column":27},"end":{"line":85,"column":49}},"20":{"start":{"line":86,"column":30},"end":{"line":86,"column":55}},"21":{"start":{"line":89,"column":35},"end":{"line":89,"column":59}},"22":{"start":{"line":90,"column":30},"end":{"line":90,"column":52}},"23":{"start":{"line":91,"column":28},"end":{"line":91,"column":55}},"24":{"start":{"line":94,"column":26},"end":{"line":94,"column":57}},"25":{"start":{"line":95,"column":21},"end":{"line":95,"column":47}},"26":{"start":{"line":96,"column":19},"end":{"line":96,"column":43}},"27":{"start":{"line":98,"column":45},"end":{"line":98,"column":49}},"28":{"start":{"line":99,"column":34},"end":{"line":99,"column":39}},"29":{"start":{"line":102,"column":24},"end":{"line":102,"column":108}},"30":{"start":{"line":106,"column":4},"end":{"line":108,"column":5}},"31":{"start":{"line":107,"column":6},"end":{"line":107,"column":49}},"32":{"start":{"line":109,"column":17},"end":{"line":109,"column":75}},"33":{"start":{"line":109,"column":52},"end":{"line":109,"column":74}},"34":{"start":{"line":110,"column":19},"end":{"line":110,"column":40}},"35":{"start":{"line":111,"column":19},"end":{"line":115,"column":6}},"36":{"start":{"line":116,"column":4},"end":{"line":116,"column":47}},"37":{"start":{"line":117,"column":4},"end":{"line":117,"column":18}},"38":{"start":{"line":121,"column":4},"end":{"line":123,"column":5}},"39":{"start":{"line":122,"column":6},"end":{"line":122,"column":97}},"40":{"start":{"line":142,"column":23},"end":{"line":142,"column":61}},"41":{"start":{"line":143,"column":4},"end":{"line":143,"column":28}},"42":{"start":{"line":143,"column":21},"end":{"line":143,"column":28}},"43":{"start":{"line":145,"column":19},"end":{"line":145,"column":47}},"44":{"start":{"line":146,"column":26},"end":{"line":146,"column":65}},"45":{"start":{"line":147,"column":4},"end":{"line":147,"column":84}},"46":{"start":{"line":149,"column":4},"end":{"line":152,"column":5}},"47":{"start":{"line":150,"column":27},"end":{"line":150,"column":52}},"48":{"start":{"line":151,"column":6},"end":{"line":151,"column":68}},"49":{"start":{"line":156,"column":4},"end":{"line":156,"column":42}},"50":{"start":{"line":165,"column":4},"end":{"line":168,"column":5}},"51":{"start":{"line":166,"column":6},"end":{"line":166,"column":30}},"52":{"start":{"line":167,"column":6},"end":{"line":167,"column":40}},"53":{"start":{"line":175,"column":4},"end":{"line":175,"column":28}},"54":{"start":{"line":176,"column":4},"end":{"line":176,"column":26}},"55":{"start":{"line":178,"column":4},"end":{"line":188,"column":5}},"56":{"start":{"line":179,"column":6},"end":{"line":183,"column":9}},"57":{"start":{"line":180,"column":8},"end":{"line":180,"column":45}},"58":{"start":{"line":181,"column":8},"end":{"line":181,"column":33}},"59":{"start":{"line":182,"column":8},"end":{"line":182,"column":30}},"60":{"start":{"line":185,"column":6},"end":{"line":185,"column":62}},"61":{"start":{"line":186,"column":6},"end":{"line":186,"column":54}},"62":{"start":{"line":187,"column":6},"end":{"line":187,"column":31}},"63":{"start":{"line":197,"column":4},"end":{"line":197,"column":28}},"64":{"start":{"line":198,"column":4},"end":{"line":198,"column":26}},"65":{"start":{"line":200,"column":4},"end":{"line":209,"column":5}},"66":{"start":{"line":201,"column":17},"end":{"line":201,"column":58}},"67":{"start":{"line":202,"column":6},"end":{"line":202,"column":16}},"68":{"start":{"line":204,"column":6},"end":{"line":204,"column":59}},"69":{"start":{"line":205,"column":6},"end":{"line":205,"column":51}},"70":{"start":{"line":206,"column":6},"end":{"line":206,"column":18}},"71":{"start":{"line":208,"column":6},"end":{"line":208,"column":31}},"72":{"start":{"line":218,"column":4},"end":{"line":218,"column":28}},"73":{"start":{"line":219,"column":4},"end":{"line":219,"column":26}},"74":{"start":{"line":221,"column":4},"end":{"line":232,"column":5}},"75":{"start":{"line":222,"column":6},"end":{"line":226,"column":7}},"76":{"start":{"line":223,"column":8},"end":{"line":223,"column":60}},"77":{"start":{"line":225,"column":8},"end":{"line":225,"column":64}},"78":{"start":{"line":228,"column":6},"end":{"line":228,"column":51}},"79":{"start":{"line":229,"column":6},"end":{"line":229,"column":18}},"80":{"start":{"line":231,"column":6},"end":{"line":231,"column":31}},"81":{"start":{"line":241,"column":4},"end":{"line":241,"column":28}},"82":{"start":{"line":242,"column":4},"end":{"line
[...]
n":4},"end":{"line":233,"column":66}},"112":{"start":{"line":233,"column":32},"end":{"line":233,"column":64}},"113":{"start":{"line":233,"column":50},"end":{"line":233,"column":63}},"114":{"start":{"line":235,"column":4},"end":{"line":245,"column":5}},"115":{"start":{"line":236,"column":6},"end":{"line":236,"column":50}},"116":{"start":{"line":239,"column":6},"end":{"line":239,"column":60}},"117":{"start":{"line":239,"column":34},"end":{"line":239,"column":58}},"118":{"start":{"line":240,"column":6},"end":{"line":240,"column":57}},"119":{"start":{"line":241,"column":6},"end":{"line":241,"column":39}},"120":{"start":{"line":242,"column":6},"end":{"line":242,"column":18}},"121":{"start":{"line":244,"column":6},"end":{"line":244,"column":33}},"122":{"start":{"line":249,"column":4},"end":{"line":249,"column":68}},"123":{"start":{"line":249,"column":38},"end":{"line":249,"column":58}},"124":{"start":{"line":253,"column":4},"end":{"line":253,"column":64}},"125":{"start":{"line":253,"column":38},"end":{"line":253,"column":54}},"126":{"start":{"line":257,"column":4},"end":{"line":257,"column":60}},"127":{"start":{"line":257,"column":40},"end":{"line":257,"column":58}},"128":{"start":{"line":261,"column":4},"end":{"line":261,"column":26}},"129":{"start":{"line":265,"column":4},"end":{"line":267,"column":5}},"130":{"start":{"line":266,"column":6},"end":{"line":266,"column":44}},"131":{"start":{"line":268,"column":4},"end":{"line":268,"column":43}},"132":{"start":{"line":269,"column":4},"end":{"line":269,"column":28}},"133":{"start":{"line":270,"column":4},"end":{"line":270,"column":24}},"134":{"start":{"line":271,"column":4},"end":{"line":271,"column":25}},"135":{"start":{"line":272,"column":4},"end":{"line":272,"column":31}},"136":{"start":{"line":273,"column":4},"end":{"line":273,"column":26}},"137":{"start":{"line":23,"column":13},"end":{"line":23,"column":24}},"138":{"start":{"line":23,"column":13},"end":{"line":275,"column":null}}},"fnMap":{"0":{"name":"(anonymous_0)","decl":{"start":{"line":35,"column":32},"end":{"line":35,"column":35}},"loc":{"start":{"line":35,"column":38},"end":{"line":35,"column":58}}},"1":{"name":"(anonymous_1)","decl":{"start":{"line":36,"column":36},"end":{"line":36,"column":39}},"loc":{"start":{"line":37,"column":4},"end":{"line":37,"column":61}}},"2":{"name":"(anonymous_2)","decl":{"start":{"line":41,"column":2},"end":{"line":41,"column":6}},"loc":{"start":{"line":41,"column":11},"end":{"line":43,"column":3}}},"3":{"name":"(anonymous_3)","decl":{"start":{"line":45,"column":2},"end":{"line":45,"column":6}},"loc":{"start":{"line":45,"column":10},"end":{"line":47,"column":3}}},"4":{"name":"(anonymous_4)","decl":{"start":{"line":49,"column":2},"end":{"line":49,"column":6}},"loc":{"start":{"line":49,"column":15},"end":{"line":51,"column":3}}},"5":{"name":"(anonymous_5)","decl":{"start":{"line":53,"column":2},"end":{"line":53,"column":6}},"loc":{"start":{"line":53,"column":11},"end":{"line":55,"column":3}}},"6":{"name":"(anonymous_6)","decl":{"start":{"line":57,"column":2},"end":{"line":57,"column":6}},"loc":{"start":{"line":57,"column":25},"end":{"line":59,"column":3}}},"7":{"name":"(anonymous_7)","decl":{"start":{"line":62,"column":10},"end":{"line":62,"column":23}},"loc":{"start":{"line":62,"column":37},"end":{"line":65,"column":3}}},"8":{"name":"(anonymous_8)","decl":{"start":{"line":67,"column":10},"end":{"line":67,"column":22}},"loc":{"start":{"line":67,"column":35},"end":{"line":69,"column":3}}},"9":{"name":"(anonymous_9)","decl":{"start":{"line":71,"column":10},"end":{"line":71,"column":26}},"loc":{"start":{"line":71,"column":50},"end":{"line":85,"column":3}}},"10":{"name":"(anonymous_10)","decl":{"start":{"line":87,"column":2},"end":{"line":87,"column":21}},"loc":{"start":{"line":87,"column":52},"end":{"line":94,"column":3}}},"11":{"name":"(anonymous_11)","decl":{"start":{"line":96,"column":10},"end":{"line":96,"column":28}},"loc":{"start":{"line":96,"column":28},"end":{"line":115,"column":3}}},"12":{"name":"(anonymous_12)","decl":{"start":{"line":101,"column":8},"end":{"line":101,"column":9}},"loc":{"start":{"line":101,"column":26},"end":{"line":105,"column":9}}},"13":{"name":"(anonymous_13)","decl":{"start":{"line":106,"column":8},"end":{"line":106,"column":9}},"loc":{"start":{"line":106,"column":26},"end":{"line":109,"column":9}}},"14":{"name":"(anonymous_14)","decl":{"start":{"line":117,"column":2},"end":{"line":117,"column":25}},"loc":{"start":{"line":117,"column":25},"end":{"line":121,"column":3}}},"15":{"name":"(anonymous_15)","decl":{"start":{"line":123,"column":2},"end":{"line":123,"column":16}},"loc":{"start":{"line":123,"column":34},"end":{"line":125,"column":3}}},"16":{"name":"(anonymous_16)","decl":{"start":{"line":127,"column":2},"end":{"line":127,"column":7}},"loc":{"start":{"line":127,"column":16},"end":{"line":148,"column":3}}},"17":{"name":"(anonymous_17)","decl":{"start":{"line":150,"column":2},"end":{"line":150,"column":7}},"loc":{"start":{"line":150,"column":58},"end":{"line":174,"column":3}}},"18":{"name":"(anonymous_18)","decl":{"start":{"line":176,"column":2},"end":{"line":176,"column":7}},"loc":{"start":{"line":176,"column":55},"end":{"line":214,"column":3}}},"19":{"name":"(anonymous_19)","decl":{"start":{"line":190,"column":45},"end":{"line":190,"column":46}},"loc":{"start":{"line":190,"column":50},"end":{"line":190,"column":63}}},"20":{"name":"(anonymous_20)","decl":{"start":{"line":201,"column":23},"end":{"line":201,"column":28}},"loc":{"start":{"line":201,"column":32},"end":{"line":201,"column":79}}},"21":{"name":"(anonymous_21)","decl":{"start":{"line":201,"column":42},"end":{"line":201,"column":43}},"loc":{"start":{"line":201,"column":47},"end":{"line":201,"column":78}}},"22":{"name":"(anonymous_22)","decl":{"start":{"line":207,"column":25},"end":{"line":207,"column":30}},"loc":{"start":{"line":207,"column":34},"end":{"line":207,"column":82}}},"23":{"name":"(anonymous_23)","decl":{"start":{"line":207,"column":44},"end":{"line":207,"column":45}},"loc":{"start":{"line":207,"column":49},"end":{"line":207,"column":81}}},"24":{"name":"(anonymous_24)","decl":{"start":{"line":216,"column":2},"end":{"line":216,"column":7}},"loc":{"start":{"line":216,"column":30},"end":{"line":246,"column":3}}},"25":{"name":"(anonymous_25)","decl":{"start":{"line":225,"column":43},"end":{"line":225,"column":44}},"loc":{"start":{"line":225,"column":48},"end":{"line":225,"column":61}}},"26":{"name":"(anonymous_26)","decl":{"start":{"line":233,"column":23},"end":{"line":233,"column":28}},"loc":{"start":{"line":233,"column":32},"end":{"line":233,"column":64}}},"27":{"name":"(anonymous_27)","decl":{"start":{"line":233,"column":45},"end":{"line":233,"column":46}},"loc":{"start":{"line":233,"column":50},"end":{"line":233,"column":63}}},"28":{"name":"(anonymous_28)","decl":{"start":{"line":239,"column":25},"end":{"line":239,"column":30}},"loc":{"start":{"line":239,"column":34},"end":{"line":239,"column":58}}},"29":{"name":"(anonymous_29)","decl":{"start":{"line":248,"column":2},"end":{"line":248,"column":16}},"loc":{"start":{"line":248,"column":30},"end":{"line":250,"column":3}}},"30":{"name":"(anonymous_30)","decl":{"start":{"line":249,"column":30},"end":{"line":249,"column":34}},"loc":{"start":{"line":249,"column":38},"end":{"line":249,"column":58}}},"31":{"name":"(anonymous_31)","decl":{"start":{"line":252,"column":2},"end":{"line":252,"column":14}},"loc":{"start":{"line":252,"column":26},"end":{"line":254,"column":3}}},"32":{"name":"(anonymous_32)","decl":{"start":{"line":253,"column":30},"end":{"line":253,"column":34}},"loc":{"start":{"line":253,"column":38},"end":{"line":253,"column":54}}},"33":{"name":"(anonymous_33)","decl":{"start":{"line":256,"column":2},"end":{"line":256,"column":16}},"loc":{"start":{"line":256,"column":29},"end":{"line":258,"column":3}}},"34":{"name":"(anonymous_34)","decl":{"start":{"line":257,"column":32},"end":{"line":257,"column":36}},"loc":{"start":{"line":257,"column":40},"end":{"line":257,"column":58}}},"35":{"name":"(anonymous_35)","decl":{"start":{"line":260,"column":2},"end":{"line":260,"column":12}},"loc":{"start":{"line":260,"column":12},"end":{"line":262,"column":3}}},"36":{"name":"(anonymous_36)","decl":{"start":{"line":264,"column":2},"end":{"line":264,"column":9}},"loc":{"start":{"line":264,"column":9},"end":{"line":274,"column":3}}}},"branchMap":{"0":{"loc":{"start":{"line":37,"column":4},"end":{"line":37,"column":61}},"type":"binary-expr","locations":[{"start":{"line":37,"column":4},"end":{"line":37,"column":28}},{"start":{"line":37,"column":32},"end":{"line":37,"column":61}}]},"1":{"loc":{"start":{"line":75,"column":4},"end":{"line":77,"column":5}},"type":"if","locations":[{"start":{"line":75,"column":4},"end":{"line":77,"column":5}},{"start":{},"end":{}}]},"2":{"loc":{"start":{"line":75,"column":8},"end":{"line":75,"column":61}},"type":"binary-expr","locations":[{"start":{"line":75,"column":8},"end":{"line":75,"column":22}},{"start":{"line":75,"column":26},"end":{"line":75,"column":61}}]},"3":{"loc":{"start":{"line":78,"column":4},"end":{"line":80,"column":5}},"type":"if","locations":[{"start":{"line":78,"column":4},"end":{"line":80,"column":5}},{"start":{},"end":{}}]},"4":{"loc":{"start":{"line":78,"column":8},"end":{"line":78,"column":58}},"type":"binary-expr","locations":[{"start":{"line":78,"column":8},"end":{"line":78,"column":21}},{"start":{"line":78,"column":25},"end":{"line":78,"column":58}}]},"5":{"loc":{"start":{"line":81,"column":4},"end":{"line":83,"column":5}},"type":"if","locations":[{"start":{"line":81,"column":4},"end":{"line":83,"column":5}},{"start":{},"end":{}}]},"6":{"loc":{"start":{"line":81,"column":8},"end":{"line":81,"column":92}},"type":"binary-expr","locations":[{"start":{"line":81,"column":8},"end":{"line":81,"column":37}},{"start":{"line":81,"column":42},"end":{"line":81,"column":58}},{"start":{"line":81,"column":62},"end":{"line":81,"column":91}}]},"7":{"loc":{"start":{"line":88,"column":4},"end":{"line":91,"column":5}},"type":"if","locations":[{"start":{"line":88,"column":4},"end":{"line":91,"column":5}},{"start":{},"end":{}}]},"8":{"loc":{"start":{"line":88,"column":8},"end":{"line":88,"column":62}},"type":"binary-expr","locations":[{"start":{"line":88,"column":8},"end":{"line":88,"column":29}},{"start":{"line":88,"column":33},"end":{"line":88,"column":62}}]},"9":{"loc":{"start":{"line":97,"column":4},"end":{"line":97,"column":72}},"type":"if","locations":[{"start":{"line":97,"column":4},"end":{"line":97,"column":72}},{"start":{},"end":{}}]},"10":{"loc":{"start":{"line":97,"column":8},"end":{"line":97,"column":63}},"type":"binary-expr","locations":[{"start":{"line":97,"column":8},"end":{"line":97,"column":37}},{"start":{"line":97,"column":41},"end":{"line":97,"column":63}}]},"11":{"loc":{"start":{"line":102,"column":10},"end":{"line":104,"column":11}},"type":"if","locations":[{"start":{"line":102,"column":10},"end":{"line":104,"column":11}},{"start":{},"end":{}}]},"12":{"loc":{"start":{"line":118,"column":4},"end":{"line":120,"column":5}},"type":"if","locations":[{"start":{"line":118,"column":4},"end":{"line":120,"column":5}},{"start":{},"end":{}}]},"13":{"loc":{"start":{"line":118,"column":8},"end":{"line":118,"column":63}},"type":"binary-expr","locations":[{"start":{"line":118,"column":8},"end":{"line":118,"column":38}},{"start":{"line":118,"column":42},"end":{"line":118,"column":63}}]},"14":{"loc":{"start":{"line":128,"column":4},"end":{"line":130,"column":5}},"type":"if","locations":[{"start":{"line":128,"column":4},"end":{"line":130,"column":5}},{"start":{},"end":{}}]},"15":{"loc":{"start":{"line":151,"column":4},"end":{"line":153,"column":5}},"type":"if","locations":[{"start":{"line":151,"column":4},"end":{"line":153,"column":5}},{"start":{},"end":{}}]},"16":{"loc":{"start":{"line":156,"column":4},"end":{"line":158,"column":5}},"type":"if","locations":[{"start":{"line":156,"column":4},"end":{"line":158,"column":5}},{"start":{},"end":{}}]},"17":{"loc":{"start":{"line":157,"column":22},"end":{"line":157,"column":65}},"type":"binary-expr","locations":[{"start":{"line":157,"column":22},"end":{"line":157,"column":40}},{"start":{"line":157,"column":44},"end":{"line":157,"column":65}}]},"18":{"loc":{"start":{"line":177,"column":4},"end":{"line":179,"column":5}},"type":"if","locations":[{"start":{"line":177,"column":4},"end":{"line":179,"column":5}},{"start":{},"end":{}}]},"19":{"loc":{"start":{"line":182,"column":4},"end":{"line":184,"column":5}},"type":"if","locations":[{"start":{"line":182,"column":4},"end":{"line":184,"column":5}},{"start":{},"end":{}}]},"20":{"loc":{"start":{"line":183,"column":22},"end":{"line":183,"column":65}},"type":"binary-expr","locations":[{"start":{"line":183,"column":22},"end":{"line":183,"column":40}},{"start":{"line":183,"column":44},"end":{"line":183,"column":65}}]},"21":{"loc":{"start":{"line":192,"column":4},"end":{"line":195,"column":5}},"type":"if","locations":[{"start":{"line":192,"column":4},"end":{"line":195,"column":5}},{"start":{},"end":{}}]},"22":{"loc":{"start":{"line":201,"column":47},"end":{"line":201,"column":78}},"type":"cond-expr","locations":[{"start":{"line":201,"column":63},"end":{"line":201,"column":74}},{"start":{"line":201,"column":77},"end":{"line":201,"column":78}}]},"23":{"loc":{"start":{"line":207,"column":49},"end":{"line":207,"column":81}},"type":"cond-expr","locations":[{"start":{"line":207,"column":65},"end":{"line":207,"column":77}},{"start":{"line":207,"column":80},"end":{"line":207,"column":81}}]},"24":{"loc":{"start":{"line":217,"column":4},"end":{"line":219,"column":5}},"type":"if","locations":[{"start":{"line":217,"column":4},"end":{"line":219,"column":5}},{"start":{},"end":{}}]},"25":{"loc":{"start":{"line":227,"column":4},"end":{"line":230,"column":5}},"type":"if","locations":[{"start":{"line":227,"column":4},"end":{"line":230,"column":5}},{"start":{},"end":{}}]},"26":{"loc":{"start":{"line":249,"column":11},"end":{"line":249,"column":67}},"type":"binary-expr","locations":[{"start":{"line":249,"column":11},"end":{"line":249,"column":59}},{"start":{"line":249,"column":63},"end":{"line":249,"column":67}}]},"27":{"loc":{"start":{"line":253,"column":11},"end":{"line":253,"column":63}},"type":"binary-expr","locations":[{"start":{"line":253,"column":11},"end":{"line":253,"column":55}},{"start":{"line":253,"column":59},"end":{"line":253,"column":63}}]},"28":{"loc":{"start":{"line":265,"column":4},"end":{"line":267,"column":5}},"type":"if","locations":[{"start":{"line":265,"column":4},"end":{"line":267,"column":5}},{"start":{},"end":{}}]},"29":{"loc":{"start":{"line":265,"column":8},"end":{"line":265,"column":62}},"type":"binary-expr","locations":[{"start":{"line":265,"column":8},"end":{"line":265,"column":29}},{"start":{"line":265,"column":33},"end":{"line":265,"column":62}}]}},"s":{"0":3,"1":3,"2":3,"3":29,"4":29,"5":29,"6":29,"7":29,"8":29,"9":29,"10":29,"11":29,"12":29,"13":29,"14":6,"15":3,"16":1,"17":10,"18":2,"19":6,"20":6,"21":4,"22":10,"23":2,"24":8,"25":1,"26":7,"27":2,"28":5,"29":28,"30":0,"31":0,"32":28,"33":2,"34":0,"35":2,"36":2,"37":0,"38":0,"39":0,"40":0,"41":2,"42":0,"43":3,"44":2,"45":2,"46":3,"47":0,"48":3,"49":3,"50":3,"51":3,"52":3,"53":1,"54":1,"55":2,"56":2,"57":2,"58":3,"59":3,"60":5,"61":0,"62":5,"63":5,"64":3,"65":2,"66":2,"67":2,"68":2,"69":1,"70":1,"71":1,"72":1,"73":2,"74":5,"75":0,"76":5,"77":5,"78":2,"79":3,"80":3,"81":3,"82":3,"83":3,"84":3,"85":1,"86":1,"87":2,"88":2,"89":2,"90":2,"91":2,"92":2,"93":2,"94":1,"95":1,"96":1,"97":1,"98":1,"99":1,"100":2,"101":3,"102":0,"103":3,"104":3,"105":3,"106":3,"107":3,"108":3,"109":1,"110":1,"111":2,"112":2,"113":2,"114":2,"115":2,"116":1,"117":1,"118":1,"119":1,"120":1,"121":2,"122":2,"123":2,"124":2,"125":2,"126":2,"127":2,"128":1,"129":0,"130":0,"131":0,"132":0,"133":0,"134":0,"135":0,"136":0,"137":3,"138":3},"f":{"0":29,"1":29,"2":6,"3":3,"4":1,"5":10,"6":2,"7":6,"8":4,"9":10,"10":28,"11":2,"12":0,"13":0,"14":3,"15":2,"16":3,"17":5,"18":5,"19":3,"20":2,"21":2,"22":1,"23":1,"24":3,"25":3,"26":2,"27":2,"28":1,"29":2,"30":2,"31":2,"32":2,"33":2,"34":2,"35":1,"36":0},"b":{"0":[29,29],"1":[2,8],"2":[10,6],"3":[1,7],"4":[8,4],"5":[2,5],"6":[7,7,5],"7":[0,28],"8":[28,0],"9":[0,2],"10":[2,2],"11":[0,0],"12":[2,1],"13":[3,2],"14":[0,3],"15":[0,5],"16":[3,2],"17":[3,0],"18":[0,5],"19":[2,3],"20":[2,0],"21":[1,2],"22":[2,0],"23":[1,0],"24":[0,3],"25":[1,2],"26":[2,1],"27":[2,1],"28":[0,0],"29":[0,0]}}
,"/home/seba/repositorios/gym-workspace/projects/gym-library/src/lib/services/zone-runner.service.ts": {"path":"/home/seba/repositorios/gym-workspace/projects/gym-library/src/lib/services/zone-runner.service.ts","statementMap":{"0":{"start":{"line":1,"column":0},"end":{"line":1,"column":69}},"1":{"start":{"line":10,"column":7},"end":{"line":43,"column":null}},"2":{"start":{"line":13,"column":22},"end":{"line":13,"column":40}},"3":{"start":{"line":14,"column":4},"end":{"line":19,"column":5}},"4":{"start":{"line":16,"column":6},"end":{"line":16,"column":85}},"5":{"start":{"line":27,"column":4},"end":{"line":29,"column":5}},"6":{"start":{"line":28,"column":6},"end":{"line":28,"column":33}},"7":{"start":{"line":30,"column":4},"end":{"line":30,"column":16}},"8":{"start":{"line":38,"column":4},"end":{"line":40,"column":5}},"9":{"start":{"line":39,"column":6},"end":{"line":39,"column":47}},"10":{"start":{"line":41,"column":4},"end":{"line":41,"column":16}},"11":{"start":{"line":10,"column":13},"end":{"line":10,"column":30}},"12":{"start":{"line":10,"column":13},"end":{"line":43,"column":null}}},"fnMap":{"0":{"name":"(anonymous_0)","decl":{"start":{"line":13,"column":2},"end":{"line":13,"column":22}},"loc":{"start":{"line":13,"column":40},"end":{"line":20,"column":3}}},"1":{"name":"(anonymous_1)","decl":{"start":{"line":26,"column":2},"end":{"line":26,"column":5}},"loc":{"start":{"line":26,"column":20},"end":{"line":31,"column":3}}},"2":{"name":"(anonymous_2)","decl":{"start":{"line":37,"column":2},"end":{"line":37,"column":12}},"loc":{"start":{"line":37,"column":27},"end":{"line":42,"column":3}}}},"branchMap":{"0":{"loc":{"start":{"line":16,"column":20},"end":{"line":16,"column":84}},"type":"binary-expr","locations":[{"start":{"line":16,"column":20},"end":{"line":16,"column":71}},{"start":{"line":16,"column":75},"end":{"line":16,"column":84}}]},"1":{"loc":{"start":{"line":27,"column":4},"end":{"line":29,"column":5}},"type":"if","locations":[{"start":{"line":27,"column":4},"end":{"line":29,"column":5}},{"start":{},"end":{}}]},"2":{"loc":{"start":{"line":38,"column":4},"end":{"line":40,"column":5}},"type":"if","locations":[{"start":{"line":38,"column":4},"end":{"line":40,"column":5}},{"start":{},"end":{}}]}},"s":{"0":0,"1":0,"2":0,"3":0,"4":0,"5":0,"6":0,"7":0,"8":0,"9":0,"10":0,"11":0,"12":0},"f":{"0":0,"1":0,"2":0},"b":{"0":[0,0],"1":[0,0],"2":[0,0]}}
,"/home/seba/repositorios/gym-workspace/projects/gym-library/src/lib/utils/uuid.ts": {"path":"/home/seba/repositorios/gym-workspace/projects/gym-library/src/lib/utils/uuid.ts","statementMap":{"0":{"start":{"line":2,"column":0},"end":{"line":2,"column":16}},"1":{"start":{"line":3,"column":2},"end":{"line":6,"column":5}},"2":{"start":{"line":4,"column":14},"end":{"line":4,"column":36}},"3":{"start":{"line":4,"column":42},"end":{"line":4,"column":73}},"4":{"start":{"line":5,"column":4},"end":{"line":5,"column":26}}},"fnMap":{"0":{"name":"uuidv4","decl":{"start":{"line":2,"column":16},"end":{"line":2,"column":22}},"loc":{"start":{"line":2,"column":22},"end":{"line":7,"column":1}}},"1":{"name":"(anonymous_1)","decl":{"start":{"line":3,"column":65},"end":{"line":3,"column":74}},"loc":{"start":{"line":3,"column":75},"end":{"line":6,"column":3}}}},"branchMap":{"0":{"loc":{"start":{"line":4,"column":42},"end":{"line":4,"column":73}},"type":"cond-expr","locations":[{"start":{"line":4,"column":54},"end":{"line":4,"column":55}},{"start":{"line":4,"column":59},"end":{"line":4,"column":72}}]}},"s":{"0":0,"1":0,"2":0,"3":0,"4":0},"f":{"0":0,"1":0},"b":{"0":[0,0]}}
}
