TN:
SF:src/public-api.ts
FN:66,(anonymous_0)
FN:68,(anonymous_1)
FN:75,(anonymous_2)
FN:76,(anonymous_3)
FNF:4
FNH:0
FNDA:0,(anonymous_0)
FNDA:0,(anonymous_1)
FNDA:0,(anonymous_2)
FNDA:0,(anonymous_3)
DA:4,0
DA:5,0
DA:6,0
DA:7,0
DA:8,0
DA:9,0
DA:10,0
DA:14,0
DA:15,0
DA:16,0
DA:17,0
DA:18,0
DA:19,0
DA:20,0
DA:21,0
DA:22,0
DA:23,0
DA:24,0
DA:25,0
DA:26,0
DA:30,0
DA:31,0
DA:35,0
DA:36,0
DA:37,0
DA:38,0
DA:39,0
DA:40,0
DA:41,0
DA:42,0
DA:43,0
DA:44,0
DA:45,0
DA:46,0
DA:47,0
DA:48,0
DA:49,0
DA:50,0
DA:51,0
DA:55,0
DA:56,0
DA:66,0
DA:68,0
DA:75,0
DA:76,0
DA:78,0
LF:46
LH:0
BRF:0
BRH:0
end_of_record
TN:
SF:src/lib/gym-library.ts
FNF:0
FNH:0
DA:1,0
DA:13,0
LF:2
LH:0
BRF:0
BRH:0
end_of_record
TN:
SF:src/lib/components/social-share-button.component.ts
FN:52,(anonymous_0)
FNF:1
FNH:0
FNDA:0,(anonymous_0)
DA:1,0
DA:2,0
DA:36,0
DA:37,0
DA:40,0
DA:41,0
DA:42,0
DA:43,0
DA:46,0
DA:47,0
DA:50,0
DA:53,0
DA:54,0
DA:57,0
DA:59,0
DA:60,0
DA:65,0
DA:67,0
DA:68,0
DA:70,0
LF:20
LH:0
BRDA:53,0,0,0
BRDA:53,0,1,0
BRDA:53,1,0,0
BRDA:53,1,1,0
BRF:4
BRH:0
end_of_record
TN:
SF:src/lib/components/social-share-panel.component.ts
FN:220,(anonymous_0)
FN:245,(anonymous_1)
FN:264,(anonymous_2)
FNF:3
FNH:0
FNDA:0,(anonymous_0)
FNDA:0,(anonymous_1)
FNDA:0,(anonymous_2)
DA:1,0
DA:2,0
DA:193,0
DA:194,0
DA:197,0
DA:198,0
DA:201,0
DA:202,0
DA:205,0
DA:206,0
DA:209,0
DA:210,0
DA:211,0
DA:213,0
DA:221,0
DA:223,0
DA:224,0
DA:225,0
DA:231,0
DA:232,0
DA:235,0
DA:236,0
DA:238,0
DA:239,0
DA:241,0
DA:246,0
DA:248,0
DA:249,0
DA:250,0
DA:255,0
DA:257,0
DA:258,0
DA:260,0
DA:265,0
LF:34
LH:0
BRDA:231,0,0,0
BRDA:231,0,1,0
BRF:2
BRH:0
end_of_record
TN:
SF:src/lib/enums/entrenado-tabs.enum.ts
FN:5,(anonymous_0)
FNF:1
FNH:0
FNDA:0,(anonymous_0)
DA:5,0
DA:6,0
DA:13,0
LF:3
LH:0
BRDA:5,0,0,0
BRDA:5,0,1,0
BRF:2
BRH:0
end_of_record
TN:
SF:src/lib/enums/gimnasio-tabs.enum.ts
FN:5,(anonymous_0)
FNF:1
FNH:0
FNDA:0,(anonymous_0)
DA:5,0
DA:6,0
DA:7,0
DA:8,0
DA:15,0
LF:5
LH:0
BRDA:5,0,0,0
BRDA:5,0,1,0
BRF:2
BRH:0
end_of_record
TN:
SF:src/lib/enums/objetivo.enum.ts
FN:1,(anonymous_0)
FNF:1
FNH:0
FNDA:0,(anonymous_0)
DA:1,0
DA:2,0
DA:3,0
DA:4,0
LF:4
LH:0
BRDA:1,0,0,0
BRDA:1,0,1,0
BRF:2
BRH:0
end_of_record
TN:
SF:src/lib/enums/permiso.enum.ts
FN:1,(anonymous_0)
FNF:1
FNH:0
FNDA:0,(anonymous_0)
DA:1,0
DA:2,0
DA:3,0
DA:4,0
DA:5,0
DA:6,0
DA:7,0
LF:7
LH:0
BRDA:1,0,0,0
BRDA:1,0,1,0
BRF:2
BRH:0
end_of_record
TN:
SF:src/lib/enums/plan.enum.ts
FN:1,(anonymous_0)
FNF:1
FNH:1
FNDA:1,(anonymous_0)
DA:1,1
DA:2,1
DA:3,1
LF:3
LH:3
BRDA:1,0,0,1
BRDA:1,0,1,1
BRF:2
BRH:2
end_of_record
TN:
SF:src/lib/enums/rol.enum.ts
FN:1,(anonymous_0)
FNF:1
FNH:1
FNDA:3,(anonymous_0)
DA:1,3
DA:2,3
DA:3,3
DA:4,3
DA:5,3
LF:5
LH:5
BRDA:1,0,0,3
BRDA:1,0,1,3
BRF:2
BRH:2
end_of_record
TN:
SF:src/lib/enums/sesion-rutina-status.enum.ts
FN:1,(anonymous_0)
FNF:1
FNH:0
FNDA:0,(anonymous_0)
DA:1,0
DA:2,0
DA:3,0
DA:4,0
DA:5,0
LF:5
LH:0
BRDA:1,0,0,0
BRDA:1,0,1,0
BRF:2
BRH:0
end_of_record
TN:
SF:src/lib/enums/tipo-mensaje.enum.ts
FN:1,(anonymous_0)
FNF:1
FNH:0
FNDA:0,(anonymous_0)
DA:1,0
DA:2,0
DA:3,0
DA:4,0
DA:5,0
LF:5
LH:0
BRDA:1,0,0,0
BRDA:1,0,1,0
BRF:2
BRH:0
end_of_record
TN:
SF:src/lib/enums/tipo-notificacion.enum.ts
FN:1,(anonymous_0)
FNF:1
FNH:0
FNDA:0,(anonymous_0)
DA:1,0
DA:3,0
DA:4,0
DA:5,0
DA:8,0
DA:9,0
DA:12,0
DA:15,0
DA:16,0
DA:17,0
LF:10
LH:0
BRDA:1,0,0,0
BRDA:1,0,1,0
BRF:2
BRH:0
end_of_record
TN:
SF:src/lib/environments/environment.firebase.ts
FNF:0
FNH:0
DA:4,0
DA:6,0
LF:2
LH:0
BRDA:9,0,0,0
BRDA:9,0,1,0
BRF:2
BRH:0
end_of_record
TN:
SF:src/lib/environments/environment.prod.ts
FNF:0
FNH:0
DA:4,0
DA:6,0
LF:2
LH:0
BRDA:9,0,0,0
BRDA:9,0,1,0
BRF:2
BRH:0
end_of_record
TN:
SF:src/lib/environments/environment.secrets.example.ts
FNF:0
FNH:0
DA:5,0
LF:1
LH:0
BRF:0
BRH:0
end_of_record
TN:
SF:src/lib/environments/environment.secrets.ts
FNF:0
FNH:0
DA:5,0
LF:1
LH:0
BRF:0
BRH:0
end_of_record
TN:
SF:src/lib/environments/environment.ts
FNF:0
FNH:0
DA:4,0
DA:6,0
LF:2
LH:0
BRDA:10,0,0,0
BRDA:10,0,1,0
BRF:2
BRH:0
end_of_record
TN:
SF:src/lib/services/auth.service.ts
FN:25,(anonymous_0)
FN:53,(anonymous_1)
FN:60,(anonymous_2)
FN:69,(anonymous_3)
FN:76,(anonymous_4)
FN:83,(anonymous_5)
FN:90,(anonymous_6)
FN:97,(anonymous_7)
FN:102,(anonymous_8)
FN:110,(anonymous_9)
FN:115,(anonymous_10)
FN:123,(anonymous_11)
FN:128,(anonymous_12)
FN:136,(anonymous_13)
FN:161,(anonymous_14)
FN:181,(anonymous_15)
FN:188,(anonymous_16)
FN:195,(anonymous_17)
FN:202,(anonymous_18)
FNF:19
FNH:19
FNDA:11,(anonymous_0)
FNDA:26,(anonymous_1)
FNDA:24,(anonymous_2)
FNDA:7,(anonymous_3)
FNDA:6,(anonymous_4)
FNDA:2,(anonymous_5)
FNDA:9,(anonymous_6)
FNDA:7,(anonymous_7)
FNDA:6,(anonymous_8)
FNDA:3,(anonymous_9)
FNDA:2,(anonymous_10)
FNDA:4,(anonymous_11)
FNDA:3,(anonymous_12)
FNDA:3,(anonymous_13)
FNDA:2,(anonymous_14)
FNDA:1,(anonymous_15)
FNDA:1,(anonymous_16)
FNDA:2,(anonymous_17)
FNDA:1,(anonymous_18)
DA:1,1
DA:15,1
DA:16,26
DA:17,26
DA:18,26
DA:19,26
DA:29,11
DA:30,11
DA:31,11
DA:32,11
DA:33,9
DA:34,5
DA:35,5
DA:36,5
DA:38,4
DA:39,4
DA:42,2
DA:43,2
DA:45,0
DA:47,2
DA:49,11
DA:61,24
DA:70,7
DA:77,6
DA:84,2
DA:91,9
DA:98,7
DA:99,1
DA:101,6
DA:102,6
DA:111,3
DA:112,1
DA:114,2
DA:115,2
DA:124,4
DA:125,1
DA:127,3
DA:128,3
DA:137,3
DA:138,1
DA:140,2
DA:141,2
DA:142,2
DA:143,2
DA:144,1
DA:145,1
DA:147,1
DA:148,1
DA:150,0
DA:152,1
DA:154,2
DA:162,2
DA:163,2
DA:164,2
DA:165,2
DA:166,1
DA:167,1
DA:168,1
DA:170,1
DA:171,1
DA:172,1
DA:174,2
DA:182,1
DA:189,1
DA:196,2
DA:203,1
LF:66
LH:64
BRDA:33,0,0,5
BRDA:33,0,1,4
BRDA:33,1,0,9
BRDA:33,1,1,5
BRDA:38,2,0,4
BRDA:38,2,1,0
BRDA:42,3,0,2
BRDA:42,3,1,0
BRDA:42,4,0,2
BRDA:42,4,1,2
BRDA:42,4,2,2
BRDA:43,5,0,2
BRDA:43,5,1,0
BRDA:98,6,0,1
BRDA:98,6,1,6
BRDA:111,7,0,1
BRDA:111,7,1,2
BRDA:124,8,0,1
BRDA:124,8,1,3
BRDA:137,9,0,1
BRDA:137,9,1,2
BRDA:147,10,0,1
BRDA:147,10,1,0
BRDA:147,11,0,1
BRDA:147,11,1,1
BRDA:147,11,2,1
BRDA:148,12,0,1
BRDA:148,12,1,0
BRDA:162,13,0,0
BRDA:162,13,1,2
BRF:30
BRH:24
end_of_record
TN:
SF:src/lib/services/ejercicio.service.ts
FN:43,(anonymous_0)
FN:44,(anonymous_1)
FN:52,(anonymous_2)
FN:53,(anonymous_3)
FN:53,(anonymous_4)
FN:60,(anonymous_5)
FN:61,(anonymous_6)
FN:61,(anonymous_7)
FN:67,(anonymous_8)
FN:74,(anonymous_9)
FN:81,(anonymous_10)
FN:88,(anonymous_11)
FN:97,(anonymous_12)
FN:124,(anonymous_13)
FN:130,(anonymous_14)
FN:140,(anonymous_15)
FN:151,(anonymous_16)
FN:156,(anonymous_17)
FN:159,(anonymous_18)
FN:174,(anonymous_19)
FN:185,(anonymous_20)
FN:186,(anonymous_21)
FN:194,(anonymous_22)
FN:195,(anonymous_23)
FN:200,(anonymous_24)
FN:201,(anonymous_25)
FN:214,(anonymous_26)
FN:231,(anonymous_27)
FN:262,(anonymous_28)
FN:276,(anonymous_29)
FN:283,(anonymous_30)
FN:283,(anonymous_31)
FN:288,(anonymous_32)
FN:302,(anonymous_33)
FN:314,(anonymous_34)
FN:334,(anonymous_35)
FN:335,(anonymous_36)
FN:336,(anonymous_37)
FN:347,(anonymous_38)
FN:348,(anonymous_39)
FN:349,(anonymous_40)
FN:361,(anonymous_41)
FN:362,(anonymous_42)
FN:363,(anonymous_43)
FN:373,(anonymous_44)
FN:374,(anonymous_45)
FN:375,(anonymous_46)
FN:384,(anonymous_47)
FN:392,(anonymous_48)
FN:399,(anonymous_49)
FN:406,(anonymous_50)
FN:411,(anonymous_51)
FNF:52
FNH:44
FNDA:29,(anonymous_0)
FNDA:29,(anonymous_1)
FNDA:1,(anonymous_2)
FNDA:1,(anonymous_3)
FNDA:1,(anonymous_4)
FNDA:1,(anonymous_5)
FNDA:1,(anonymous_6)
FNDA:1,(anonymous_7)
FNDA:4,(anonymous_8)
FNDA:2,(anonymous_9)
FNDA:8,(anonymous_10)
FNDA:2,(anonymous_11)
FNDA:7,(anonymous_12)
FNDA:2,(anonymous_13)
FNDA:2,(anonymous_14)
FNDA:28,(anonymous_15)
FNDA:2,(anonymous_16)
FNDA:0,(anonymous_17)
FNDA:0,(anonymous_18)
FNDA:3,(anonymous_19)
FNDA:2,(anonymous_20)
FNDA:2,(anonymous_21)
FNDA:0,(anonymous_22)
FNDA:0,(anonymous_23)
FNDA:0,(anonymous_24)
FNDA:0,(anonymous_25)
FNDA:0,(anonymous_26)
FNDA:7,(anonymous_27)
FNDA:3,(anonymous_28)
FNDA:2,(anonymous_29)
FNDA:2,(anonymous_30)
FNDA:2,(anonymous_31)
FNDA:1,(anonymous_32)
FNDA:3,(anonymous_33)
FNDA:30,(anonymous_34)
FNDA:1,(anonymous_35)
FNDA:1,(anonymous_36)
FNDA:1,(anonymous_37)
FNDA:1,(anonymous_38)
FNDA:1,(anonymous_39)
FNDA:1,(anonymous_40)
FNDA:1,(anonymous_41)
FNDA:1,(anonymous_42)
FNDA:1,(anonymous_43)
FNDA:1,(anonymous_44)
FNDA:1,(anonymous_45)
FNDA:1,(anonymous_46)
FNDA:3,(anonymous_47)
FNDA:1,(anonymous_48)
FNDA:1,(anonymous_49)
FNDA:1,(anonymous_50)
FNDA:0,(anonymous_51)
DA:1,1
DA:3,1
DA:30,1
DA:32,29
DA:33,29
DA:34,29
DA:35,29
DA:37,29
DA:38,29
DA:39,29
DA:40,29
DA:43,29
DA:44,29
DA:45,29
DA:53,1
DA:61,1
DA:68,4
DA:75,2
DA:82,8
DA:89,2
DA:101,7
DA:102,1
DA:104,6
DA:105,1
DA:107,5
DA:108,1
DA:110,4
DA:111,1
DA:113,3
DA:130,2
DA:131,2
DA:132,2
DA:141,28
DA:142,0
DA:143,0
DA:145,28
DA:152,2
DA:154,2
DA:155,2
DA:157,0
DA:160,0
DA:161,0
DA:164,2
DA:166,0
DA:167,0
DA:175,3
DA:176,2
DA:186,2
DA:195,0
DA:197,0
DA:198,0
DA:199,0
DA:200,0
DA:201,0
DA:204,0
DA:207,0
DA:208,0
DA:209,0
DA:211,0
DA:212,0
DA:214,0
DA:217,0
DA:218,0
DA:223,0
DA:232,7
DA:233,0
DA:236,7
DA:237,7
DA:238,4
DA:241,3
DA:243,3
DA:244,3
DA:246,3
DA:247,3
DA:249,2
DA:250,2
DA:251,2
DA:253,3
DA:263,3
DA:264,0
DA:267,3
DA:268,1
DA:269,1
DA:272,2
DA:273,2
DA:275,2
DA:276,2
DA:278,2
DA:279,0
DA:280,0
DA:283,2
DA:285,2
DA:286,2
DA:288,1
DA:289,1
DA:290,1
DA:291,1
DA:293,2
DA:303,3
DA:305,3
DA:307,3
DA:308,3
DA:309,3
DA:310,0
DA:314,3
DA:315,30
DA:316,0
DA:320,3
DA:321,3
DA:322,0
DA:324,3
DA:326,3
DA:335,1
DA:336,1
DA:337,1
DA:348,1
DA:349,1
DA:350,1
DA:362,1
DA:363,1
DA:374,1
DA:375,1
DA:385,3
DA:393,1
DA:400,1
DA:407,1
DA:408,0
DA:411,1
DA:412,1
DA:414,1
DA:415,1
DA:416,1
DA:417,1
DA:418,1
DA:419,1
LF:135
LH:104
BRDA:45,0,0,29
BRDA:45,0,1,29
BRDA:53,1,0,1
BRDA:53,1,1,1
BRDA:61,2,0,1
BRDA:61,2,1,0
BRDA:101,3,0,1
BRDA:101,3,1,6
BRDA:101,4,0,7
BRDA:101,4,1,6
BRDA:104,5,0,1
BRDA:104,5,1,5
BRDA:107,6,0,1
BRDA:107,6,1,4
BRDA:110,7,0,1
BRDA:110,7,1,3
BRDA:110,8,0,4
BRDA:110,8,1,4
BRDA:132,9,0,2
BRDA:132,9,1,0
BRDA:132,10,0,2
BRDA:132,10,1,2
BRDA:141,11,0,0
BRDA:141,11,1,28
BRDA:141,12,0,28
BRDA:141,12,1,0
BRDA:152,13,0,0
BRDA:152,13,1,2
BRDA:152,14,0,2
BRDA:152,14,1,2
BRDA:175,15,0,2
BRDA:175,15,1,1
BRDA:175,16,0,3
BRDA:175,16,1,2
BRDA:186,17,0,2
BRDA:186,17,1,1
BRDA:197,18,0,0
BRDA:197,18,1,0
BRDA:199,19,0,0
BRDA:199,19,1,0
BRDA:201,20,0,0
BRDA:201,20,1,0
BRDA:207,21,0,0
BRDA:207,21,1,0
BRDA:211,22,0,0
BRDA:211,22,1,0
BRDA:217,23,0,0
BRDA:217,23,1,0
BRDA:232,24,0,0
BRDA:232,24,1,7
BRDA:237,25,0,4
BRDA:237,25,1,3
BRDA:238,26,0,4
BRDA:238,26,1,0
BRDA:263,27,0,0
BRDA:263,27,1,3
BRDA:267,28,0,1
BRDA:267,28,1,2
BRDA:267,29,0,3
BRDA:267,29,1,2
BRDA:278,30,0,0
BRDA:278,30,1,2
BRDA:307,31,0,3
BRDA:307,31,1,0
BRDA:309,32,0,0
BRDA:309,32,1,3
BRDA:315,33,0,0
BRDA:315,33,1,30
BRDA:321,34,0,0
BRDA:321,34,1,3
BRDA:321,35,0,3
BRDA:321,35,1,3
BRDA:385,36,0,3
BRDA:385,36,1,2
BRDA:407,37,0,0
BRDA:407,37,1,1
BRDA:407,38,0,1
BRDA:407,38,1,1
BRF:78
BRH:52
end_of_record
TN:
SF:src/lib/services/entrenado.service.ts
FN:22,(anonymous_0)
FN:30,(anonymous_1)
FN:34,(anonymous_2)
FN:46,(anonymous_3)
FN:56,(anonymous_4)
FN:62,(anonymous_5)
FN:73,(anonymous_6)
FN:83,(anonymous_7)
FN:103,(anonymous_8)
FN:119,(anonymous_9)
FN:120,(anonymous_10)
FN:121,(anonymous_11)
FN:128,(anonymous_12)
FN:129,(anonymous_13)
FN:130,(anonymous_14)
FN:139,(anonymous_15)
FN:140,(anonymous_16)
FN:141,(anonymous_17)
FN:151,(anonymous_18)
FN:153,(anonymous_19)
FN:157,(anonymous_20)
FN:158,(anonymous_21)
FN:159,(anonymous_22)
FN:168,(anonymous_23)
FN:169,(anonymous_24)
FN:177,(anonymous_25)
FN:178,(anonymous_26)
FN:184,(anonymous_27)
FN:185,(anonymous_28)
FNF:29
FNH:0
FNDA:0,(anonymous_0)
FNDA:0,(anonymous_1)
FNDA:0,(anonymous_2)
FNDA:0,(anonymous_3)
FNDA:0,(anonymous_4)
FNDA:0,(anonymous_5)
FNDA:0,(anonymous_6)
FNDA:0,(anonymous_7)
FNDA:0,(anonymous_8)
FNDA:0,(anonymous_9)
FNDA:0,(anonymous_10)
FNDA:0,(anonymous_11)
FNDA:0,(anonymous_12)
FNDA:0,(anonymous_13)
FNDA:0,(anonymous_14)
FNDA:0,(anonymous_15)
FNDA:0,(anonymous_16)
FNDA:0,(anonymous_17)
FNDA:0,(anonymous_18)
FNDA:0,(anonymous_19)
FNDA:0,(anonymous_20)
FNDA:0,(anonymous_21)
FNDA:0,(anonymous_22)
FNDA:0,(anonymous_23)
FNDA:0,(anonymous_24)
FNDA:0,(anonymous_25)
FNDA:0,(anonymous_26)
FNDA:0,(anonymous_27)
FNDA:0,(anonymous_28)
DA:1,0
DA:12,0
DA:14,0
DA:15,0
DA:16,0
DA:23,0
DA:31,0
DA:33,0
DA:34,0
DA:35,0
DA:37,0
DA:39,0
DA:47,0
DA:48,0
DA:50,0
DA:57,0
DA:58,0
DA:59,0
DA:61,0
DA:62,0
DA:63,0
DA:67,0
DA:74,0
DA:75,0
DA:78,0
DA:79,0
DA:82,0
DA:83,0
DA:85,0
DA:87,0
DA:90,0
DA:93,0
DA:95,0
DA:96,0
DA:104,0
DA:105,0
DA:108,0
DA:109,0
DA:111,0
DA:112,0
DA:120,0
DA:121,0
DA:129,0
DA:130,0
DA:131,0
DA:140,0
DA:141,0
DA:142,0
DA:153,0
DA:158,0
DA:159,0
DA:160,0
DA:169,0
DA:170,0
DA:178,0
DA:185,0
LF:56
LH:0
BRDA:31,0,0,0
BRDA:31,0,1,0
BRDA:31,1,0,0
BRDA:31,1,1,0
BRDA:47,2,0,0
BRDA:47,2,1,0
BRDA:47,3,0,0
BRDA:47,3,1,0
BRDA:57,4,0,0
BRDA:57,4,1,0
BRDA:61,5,0,0
BRDA:61,5,1,0
BRDA:74,6,0,0
BRDA:74,6,1,0
BRDA:85,7,0,0
BRDA:85,7,1,0
BRDA:104,8,0,0
BRDA:104,8,1,0
BRDA:121,9,0,0
BRDA:121,9,1,0
BRF:20
BRH:0
end_of_record
TN:
SF:src/lib/services/entrenador.service.ts
FN:14,(anonymous_0)
FN:105,(anonymous_1)
FN:109,(anonymous_2)
FN:120,(anonymous_3)
FN:135,(anonymous_4)
FN:155,(anonymous_5)
FN:164,(anonymous_6)
FN:174,(anonymous_7)
FN:179,(anonymous_8)
FN:196,(anonymous_9)
FN:217,(anonymous_10)
FN:240,(anonymous_11)
FN:259,(anonymous_12)
FN:280,(anonymous_13)
FN:281,(anonymous_14)
FN:282,(anonymous_15)
FN:291,(anonymous_16)
FN:292,(anonymous_17)
FN:293,(anonymous_18)
FN:297,(anonymous_19)
FN:308,(anonymous_20)
FN:309,(anonymous_21)
FN:310,(anonymous_22)
FN:314,(anonymous_23)
FN:325,(anonymous_24)
FN:334,(anonymous_25)
FN:343,(anonymous_26)
FN:344,(anonymous_27)
FN:355,(anonymous_28)
FN:359,(anonymous_29)
FN:365,(anonymous_30)
FN:374,(anonymous_31)
FN:375,(anonymous_32)
FN:376,(anonymous_33)
FN:377,(anonymous_34)
FN:393,(anonymous_35)
FN:422,(anonymous_36)
FN:425,(anonymous_37)
FN:435,(anonymous_38)
FN:445,(anonymous_39)
FN:466,(anonymous_40)
FN:469,(anonymous_41)
FN:479,(anonymous_42)
FNF:43
FNH:0
FNDA:0,(anonymous_0)
FNDA:0,(anonymous_1)
FNDA:0,(anonymous_2)
FNDA:0,(anonymous_3)
FNDA:0,(anonymous_4)
FNDA:0,(anonymous_5)
FNDA:0,(anonymous_6)
FNDA:0,(anonymous_7)
FNDA:0,(anonymous_8)
FNDA:0,(anonymous_9)
FNDA:0,(anonymous_10)
FNDA:0,(anonymous_11)
FNDA:0,(anonymous_12)
FNDA:0,(anonymous_13)
FNDA:0,(anonymous_14)
FNDA:0,(anonymous_15)
FNDA:0,(anonymous_16)
FNDA:0,(anonymous_17)
FNDA:0,(anonymous_18)
FNDA:0,(anonymous_19)
FNDA:0,(anonymous_20)
FNDA:0,(anonymous_21)
FNDA:0,(anonymous_22)
FNDA:0,(anonymous_23)
FNDA:0,(anonymous_24)
FNDA:0,(anonymous_25)
FNDA:0,(anonymous_26)
FNDA:0,(anonymous_27)
FNDA:0,(anonymous_28)
FNDA:0,(anonymous_29)
FNDA:0,(anonymous_30)
FNDA:0,(anonymous_31)
FNDA:0,(anonymous_32)
FNDA:0,(anonymous_33)
FNDA:0,(anonymous_34)
FNDA:0,(anonymous_35)
FNDA:0,(anonymous_36)
FNDA:0,(anonymous_37)
FNDA:0,(anonymous_38)
FNDA:0,(anonymous_39)
FNDA:0,(anonymous_40)
FNDA:0,(anonymous_41)
FNDA:0,(anonymous_42)
DA:1,0
DA:3,0
DA:4,0
DA:5,0
DA:6,0
DA:7,0
DA:8,0
DA:9,0
DA:13,0
DA:15,0
DA:16,0
DA:69,0
DA:78,0
DA:79,0
DA:80,0
DA:81,0
DA:82,0
DA:83,0
DA:84,0
DA:85,0
DA:86,0
DA:89,0
DA:90,0
DA:91,0
DA:94,0
DA:95,0
DA:96,0
DA:98,0
DA:99,0
DA:102,0
DA:106,0
DA:107,0
DA:109,0
DA:110,0
DA:111,0
DA:116,0
DA:117,0
DA:121,0
DA:122,0
DA:142,0
DA:143,0
DA:145,0
DA:146,0
DA:147,0
DA:149,0
DA:150,0
DA:151,0
DA:156,0
DA:165,0
DA:166,0
DA:167,0
DA:175,0
DA:176,0
DA:178,0
DA:179,0
DA:180,0
DA:181,0
DA:182,0
DA:185,0
DA:186,0
DA:187,0
DA:197,0
DA:198,0
DA:200,0
DA:201,0
DA:202,0
DA:204,0
DA:205,0
DA:206,0
DA:208,0
DA:218,0
DA:219,0
DA:221,0
DA:222,0
DA:223,0
DA:225,0
DA:228,0
DA:229,0
DA:231,0
DA:241,0
DA:242,0
DA:244,0
DA:245,0
DA:247,0
DA:248,0
DA:249,0
DA:251,0
DA:260,0
DA:261,0
DA:263,0
DA:264,0
DA:265,0
DA:267,0
DA:268,0
DA:269,0
DA:271,0
DA:281,0
DA:282,0
DA:292,0
DA:293,0
DA:294,0
DA:295,0
DA:297,0
DA:298,0
DA:309,0
DA:310,0
DA:311,0
DA:312,0
DA:314,0
DA:315,0
DA:326,0
DA:335,0
DA:344,0
DA:345,0
DA:346,0
DA:357,0
DA:358,0
DA:359,0
DA:360,0
DA:363,0
DA:364,0
DA:365,0
DA:366,0
DA:375,0
DA:376,0
DA:377,0
DA:378,0
DA:394,0
DA:395,0
DA:398,0
DA:399,0
DA:400,0
DA:401,0
DA:402,0
DA:406,0
DA:407,0
DA:408,0
DA:410,0
DA:411,0
DA:412,0
DA:413,0
DA:423,0
DA:424,0
DA:425,0
DA:426,0
DA:436,0
DA:437,0
DA:446,0
DA:447,0
DA:450,0
DA:451,0
DA:452,0
DA:453,0
DA:454,0
DA:458,0
DA:467,0
DA:468,0
DA:469,0
DA:470,0
DA:480,0
DA:483,0
DA:484,0
DA:485,0
DA:486,0
LF:164
LH:0
BRDA:106,0,0,0
BRDA:106,0,1,0
BRDA:112,1,0,0
BRDA:112,1,1,0
BRDA:113,2,0,0
BRDA:113,2,1,0
BRDA:114,3,0,0
BRDA:114,3,1,0
BRDA:121,4,0,0
BRDA:121,4,1,0
BRDA:143,5,0,0
BRDA:143,5,1,0
BRDA:146,6,0,0
BRDA:146,6,1,0
BRDA:149,7,0,0
BRDA:149,7,1,0
BRDA:165,8,0,0
BRDA:165,8,1,0
BRDA:222,9,0,0
BRDA:222,9,1,0
BRDA:294,10,0,0
BRDA:294,10,1,0
BRDA:294,11,0,0
BRDA:294,11,1,0
BRDA:311,12,0,0
BRDA:311,12,1,0
BRDA:311,13,0,0
BRDA:311,13,1,0
BRDA:346,14,0,0
BRDA:346,14,1,0
BRDA:358,15,0,0
BRDA:358,15,1,0
BRDA:359,16,0,0
BRDA:359,16,1,0
BRDA:364,17,0,0
BRDA:364,17,1,0
BRDA:365,18,0,0
BRDA:365,18,1,0
BRDA:380,19,0,0
BRDA:380,19,1,0
BRDA:380,19,2,0
BRDA:381,20,0,0
BRDA:381,20,1,0
BRDA:382,21,0,0
BRDA:382,21,1,0
BRDA:395,22,0,0
BRDA:395,22,1,0
BRDA:399,23,0,0
BRDA:399,23,1,0
BRDA:401,24,0,0
BRDA:401,24,1,0
BRDA:401,25,0,0
BRDA:401,25,1,0
BRDA:401,25,2,0
BRDA:407,26,0,0
BRDA:407,26,1,0
BRDA:410,27,0,0
BRDA:410,27,1,0
BRDA:411,28,0,0
BRDA:411,28,1,0
BRDA:424,29,0,0
BRDA:424,29,1,0
BRDA:425,30,0,0
BRDA:425,30,1,0
BRDA:447,31,0,0
BRDA:447,31,1,0
BRDA:451,32,0,0
BRDA:451,32,1,0
BRDA:453,33,0,0
BRDA:453,33,1,0
BRDA:453,34,0,0
BRDA:453,34,1,0
BRDA:468,35,0,0
BRDA:468,35,1,0
BRDA:469,36,0,0
BRDA:469,36,1,0
BRDA:484,37,0,0
BRDA:484,37,1,0
BRDA:485,38,0,0
BRDA:485,38,1,0
BRF:80
BRH:0
end_of_record
TN:
SF:src/lib/services/estadisticas-entrenado.service.ts
FN:68,(anonymous_0)
FN:69,(anonymous_1)
FN:76,(anonymous_2)
FN:85,(anonymous_3)
FN:110,(anonymous_4)
FN:123,(anonymous_5)
FN:143,(anonymous_6)
FN:162,(anonymous_7)
FN:186,(anonymous_8)
FN:202,(anonymous_9)
FN:212,(anonymous_10)
FNF:11
FNH:0
FNDA:0,(anonymous_0)
FNDA:0,(anonymous_1)
FNDA:0,(anonymous_2)
FNDA:0,(anonymous_3)
FNDA:0,(anonymous_4)
FNDA:0,(anonymous_5)
FNDA:0,(anonymous_6)
FNDA:0,(anonymous_7)
FNDA:0,(anonymous_8)
FNDA:0,(anonymous_9)
FNDA:0,(anonymous_10)
DA:1,0
DA:40,0
DA:49,0
DA:50,0
DA:53,0
DA:54,0
DA:55,0
DA:58,0
DA:59,0
DA:61,0
DA:69,0
DA:77,0
DA:78,0
DA:81,0
DA:82,0
DA:84,0
DA:85,0
DA:86,0
DA:87,0
DA:88,0
DA:89,0
DA:91,0
DA:93,0
DA:94,0
DA:95,0
DA:98,0
DA:100,0
DA:101,0
DA:102,0
DA:111,0
DA:112,0
DA:113,0
DA:114,0
DA:124,0
DA:125,0
DA:127,0
DA:128,0
DA:130,0
DA:131,0
DA:132,0
DA:134,0
DA:144,0
DA:145,0
DA:147,0
DA:148,0
DA:150,0
DA:151,0
DA:152,0
DA:154,0
DA:163,0
DA:164,0
DA:166,0
DA:167,0
DA:169,0
DA:170,0
DA:171,0
DA:172,0
DA:174,0
DA:175,0
DA:176,0
DA:178,0
DA:187,0
DA:204,0
DA:213,0
LF:64
LH:0
BRDA:69,0,0,0
BRDA:69,0,1,0
BRDA:77,1,0,0
BRDA:77,1,1,0
BRDA:88,2,0,0
BRDA:88,2,1,0
BRDA:112,3,0,0
BRDA:112,3,1,0
BRF:8
BRH:0
end_of_record
TN:
SF:src/lib/services/firebase-adapter-base.ts
FN:16,(anonymous_0)
FN:19,(anonymous_1)
FN:23,(anonymous_2)
FNF:3
FNH:0
FNDA:0,(anonymous_0)
FNDA:0,(anonymous_1)
FNDA:0,(anonymous_2)
DA:1,0
DA:2,0
DA:8,0
DA:9,0
DA:10,0
DA:18,0
DA:19,0
DA:23,0
LF:8
LH:0
BRDA:18,0,0,0
BRDA:18,0,1,0
BRF:2
BRH:0
end_of_record
TN:
SF:src/lib/services/gimnasio.service.ts
FN:20,(anonymous_0)
FN:27,(anonymous_1)
FN:35,(anonymous_2)
FN:37,(anonymous_3)
FN:47,(anonymous_4)
FN:55,(anonymous_5)
FN:61,(anonymous_6)
FN:72,(anonymous_7)
FN:82,(anonymous_8)
FN:92,(anonymous_9)
FN:93,(anonymous_10)
FN:94,(anonymous_11)
FN:101,(anonymous_12)
FN:102,(anonymous_13)
FN:103,(anonymous_14)
FN:110,(anonymous_15)
FN:111,(anonymous_16)
FN:112,(anonymous_17)
FN:121,(anonymous_18)
FN:122,(anonymous_19)
FN:128,(anonymous_20)
FN:129,(anonymous_21)
FN:130,(anonymous_22)
FNF:23
FNH:0
FNDA:0,(anonymous_0)
FNDA:0,(anonymous_1)
FNDA:0,(anonymous_2)
FNDA:0,(anonymous_3)
FNDA:0,(anonymous_4)
FNDA:0,(anonymous_5)
FNDA:0,(anonymous_6)
FNDA:0,(anonymous_7)
FNDA:0,(anonymous_8)
FNDA:0,(anonymous_9)
FNDA:0,(anonymous_10)
FNDA:0,(anonymous_11)
FNDA:0,(anonymous_12)
FNDA:0,(anonymous_13)
FNDA:0,(anonymous_14)
FNDA:0,(anonymous_15)
FNDA:0,(anonymous_16)
FNDA:0,(anonymous_17)
FNDA:0,(anonymous_18)
FNDA:0,(anonymous_19)
FNDA:0,(anonymous_20)
FNDA:0,(anonymous_21)
FNDA:0,(anonymous_22)
DA:1,0
DA:11,0
DA:14,0
DA:15,0
DA:16,0
DA:17,0
DA:28,0
DA:36,0
DA:37,0
DA:38,0
DA:40,0
DA:49,0
DA:56,0
DA:57,0
DA:58,0
DA:60,0
DA:61,0
DA:62,0
DA:66,0
DA:73,0
DA:74,0
DA:76,0
DA:83,0
DA:84,0
DA:86,0
DA:93,0
DA:94,0
DA:102,0
DA:103,0
DA:111,0
DA:112,0
DA:113,0
DA:122,0
DA:129,0
DA:130,0
LF:35
LH:0
BRDA:36,0,0,0
BRDA:36,0,1,0
BRDA:36,1,0,0
BRDA:36,1,1,0
BRDA:56,2,0,0
BRDA:56,2,1,0
BRDA:60,3,0,0
BRDA:60,3,1,0
BRDA:73,4,0,0
BRDA:73,4,1,0
BRDA:83,5,0,0
BRDA:83,5,1,0
BRDA:94,6,0,0
BRDA:94,6,1,0
BRF:14
BRH:0
end_of_record
TN:
SF:src/lib/services/invitacion.service.ts
FN:28,(anonymous_0)
FN:36,(anonymous_1)
FN:40,(anonymous_2)
FN:52,(anonymous_3)
FN:62,(anonymous_4)
FN:68,(anonymous_5)
FN:79,(anonymous_6)
FN:95,(anonymous_7)
FN:111,(anonymous_8)
FN:165,(anonymous_9)
FN:172,(anonymous_10)
FN:181,(anonymous_11)
FN:199,(anonymous_12)
FN:277,(anonymous_13)
FN:288,(anonymous_14)
FN:346,(anonymous_15)
FN:347,(anonymous_16)
FN:348,(anonymous_17)
FN:357,(anonymous_18)
FN:358,(anonymous_19)
FN:359,(anonymous_20)
FN:368,(anonymous_21)
FN:369,(anonymous_22)
FN:370,(anonymous_23)
FN:381,(anonymous_24)
FN:382,(anonymous_25)
FN:383,(anonymous_26)
FNF:27
FNH:0
FNDA:0,(anonymous_0)
FNDA:0,(anonymous_1)
FNDA:0,(anonymous_2)
FNDA:0,(anonymous_3)
FNDA:0,(anonymous_4)
FNDA:0,(anonymous_5)
FNDA:0,(anonymous_6)
FNDA:0,(anonymous_7)
FNDA:0,(anonymous_8)
FNDA:0,(anonymous_9)
FNDA:0,(anonymous_10)
FNDA:0,(anonymous_11)
FNDA:0,(anonymous_12)
FNDA:0,(anonymous_13)
FNDA:0,(anonymous_14)
FNDA:0,(anonymous_15)
FNDA:0,(anonymous_16)
FNDA:0,(anonymous_17)
FNDA:0,(anonymous_18)
FNDA:0,(anonymous_19)
FNDA:0,(anonymous_20)
FNDA:0,(anonymous_21)
FNDA:0,(anonymous_22)
FNDA:0,(anonymous_23)
FNDA:0,(anonymous_24)
FNDA:0,(anonymous_25)
FNDA:0,(anonymous_26)
DA:1,0
DA:2,0
DA:3,0
DA:6,0
DA:7,0
DA:18,0
DA:19,0
DA:20,0
DA:21,0
DA:23,0
DA:29,0
DA:37,0
DA:39,0
DA:40,0
DA:41,0
DA:43,0
DA:45,0
DA:53,0
DA:54,0
DA:56,0
DA:63,0
DA:64,0
DA:65,0
DA:67,0
DA:68,0
DA:69,0
DA:73,0
DA:80,0
DA:81,0
DA:84,0
DA:85,0
DA:87,0
DA:88,0
DA:96,0
DA:97,0
DA:100,0
DA:101,0
DA:103,0
DA:104,0
DA:119,0
DA:133,0
DA:136,0
DA:137,0
DA:138,0
DA:155,0
DA:158,0
DA:166,0
DA:167,0
DA:170,0
DA:172,0
DA:175,0
DA:176,0
DA:177,0
DA:180,0
DA:181,0
DA:182,0
DA:186,0
DA:187,0
DA:190,0
DA:191,0
DA:194,0
DA:197,0
DA:198,0
DA:199,0
DA:200,0
DA:201,0
DA:202,0
DA:203,0
DA:204,0
DA:205,0
DA:210,0
DA:211,0
DA:212,0
DA:213,0
DA:214,0
DA:216,0
DA:217,0
DA:218,0
DA:220,0
DA:221,0
DA:226,0
DA:227,0
DA:228,0
DA:246,0
DA:264,0
DA:267,0
DA:268,0
DA:278,0
DA:279,0
DA:282,0
DA:283,0
DA:286,0
DA:288,0
DA:289,0
DA:290,0
DA:291,0
DA:293,0
DA:295,0
DA:298,0
DA:299,0
DA:317,0
DA:335,0
DA:338,0
DA:339,0
DA:347,0
DA:348,0
DA:349,0
DA:358,0
DA:359,0
DA:360,0
DA:369,0
DA:370,0
DA:371,0
DA:382,0
DA:383,0
DA:384,0
LF:116
LH:0
BRDA:37,0,0,0
BRDA:37,0,1,0
BRDA:37,1,0,0
BRDA:37,1,1,0
BRDA:53,2,0,0
BRDA:53,2,1,0
BRDA:53,3,0,0
BRDA:53,3,1,0
BRDA:63,4,0,0
BRDA:63,4,1,0
BRDA:67,5,0,0
BRDA:67,5,1,0
BRDA:80,6,0,0
BRDA:80,6,1,0
BRDA:96,7,0,0
BRDA:96,7,1,0
BRDA:143,8,0,0
BRDA:143,8,1,0
BRDA:166,9,0,0
BRDA:166,9,1,0
BRDA:172,10,0,0
BRDA:172,10,1,0
BRDA:175,11,0,0
BRDA:175,11,1,0
BRDA:180,12,0,0
BRDA:180,12,1,0
BRDA:186,13,0,0
BRDA:186,13,1,0
BRDA:199,14,0,0
BRDA:199,14,1,0
BRDA:199,14,2,0
BRDA:200,15,0,0
BRDA:200,15,1,0
BRDA:201,16,0,0
BRDA:201,16,1,0
BRDA:202,17,0,0
BRDA:202,17,1,0
BRDA:212,18,0,0
BRDA:212,18,1,0
BRDA:213,19,0,0
BRDA:213,19,1,0
BRDA:214,20,0,0
BRDA:214,20,1,0
BRDA:217,21,0,0
BRDA:217,21,1,0
BRDA:278,22,0,0
BRDA:278,22,1,0
BRDA:288,23,0,0
BRDA:288,23,1,0
BRDA:289,24,0,0
BRDA:289,24,1,0
BRDA:293,25,0,0
BRDA:293,25,1,0
BRDA:371,26,0,0
BRDA:371,26,1,0
BRDA:371,26,2,0
BRDA:384,27,0,0
BRDA:384,27,1,0
BRDA:384,27,2,0
BRF:59
BRH:0
end_of_record
TN:
SF:src/lib/services/mensaje.service.ts
FN:23,(anonymous_0)
FN:31,(anonymous_1)
FN:35,(anonymous_2)
FN:47,(anonymous_3)
FN:57,(anonymous_4)
FN:63,(anonymous_5)
FN:74,(anonymous_6)
FN:90,(anonymous_7)
FN:106,(anonymous_8)
FN:122,(anonymous_9)
FN:138,(anonymous_10)
FN:139,(anonymous_11)
FN:140,(anonymous_12)
FN:147,(anonymous_13)
FN:148,(anonymous_14)
FN:149,(anonymous_15)
FN:156,(anonymous_16)
FN:157,(anonymous_17)
FN:158,(anonymous_18)
FN:167,(anonymous_19)
FN:168,(anonymous_20)
FN:169,(anonymous_21)
FN:178,(anonymous_22)
FN:179,(anonymous_23)
FN:180,(anonymous_24)
FNF:25
FNH:0
FNDA:0,(anonymous_0)
FNDA:0,(anonymous_1)
FNDA:0,(anonymous_2)
FNDA:0,(anonymous_3)
FNDA:0,(anonymous_4)
FNDA:0,(anonymous_5)
FNDA:0,(anonymous_6)
FNDA:0,(anonymous_7)
FNDA:0,(anonymous_8)
FNDA:0,(anonymous_9)
FNDA:0,(anonymous_10)
FNDA:0,(anonymous_11)
FNDA:0,(anonymous_12)
FNDA:0,(anonymous_13)
FNDA:0,(anonymous_14)
FNDA:0,(anonymous_15)
FNDA:0,(anonymous_16)
FNDA:0,(anonymous_17)
FNDA:0,(anonymous_18)
FNDA:0,(anonymous_19)
FNDA:0,(anonymous_20)
FNDA:0,(anonymous_21)
FNDA:0,(anonymous_22)
FNDA:0,(anonymous_23)
FNDA:0,(anonymous_24)
DA:1,0
DA:14,0
DA:15,0
DA:16,0
DA:17,0
DA:24,0
DA:32,0
DA:34,0
DA:35,0
DA:36,0
DA:38,0
DA:40,0
DA:48,0
DA:49,0
DA:51,0
DA:58,0
DA:59,0
DA:60,0
DA:62,0
DA:63,0
DA:64,0
DA:68,0
DA:75,0
DA:76,0
DA:79,0
DA:80,0
DA:82,0
DA:83,0
DA:91,0
DA:92,0
DA:95,0
DA:96,0
DA:98,0
DA:99,0
DA:107,0
DA:108,0
DA:111,0
DA:112,0
DA:114,0
DA:115,0
DA:123,0
DA:124,0
DA:127,0
DA:128,0
DA:130,0
DA:131,0
DA:139,0
DA:140,0
DA:148,0
DA:149,0
DA:157,0
DA:158,0
DA:159,0
DA:168,0
DA:169,0
DA:170,0
DA:179,0
DA:180,0
DA:181,0
LF:59
LH:0
BRDA:32,0,0,0
BRDA:32,0,1,0
BRDA:32,1,0,0
BRDA:32,1,1,0
BRDA:48,2,0,0
BRDA:48,2,1,0
BRDA:48,3,0,0
BRDA:48,3,1,0
BRDA:58,4,0,0
BRDA:58,4,1,0
BRDA:62,5,0,0
BRDA:62,5,1,0
BRDA:75,6,0,0
BRDA:75,6,1,0
BRDA:91,7,0,0
BRDA:91,7,1,0
BRDA:107,8,0,0
BRDA:107,8,1,0
BRDA:123,9,0,0
BRDA:123,9,1,0
BRDA:159,10,0,0
BRDA:159,10,1,0
BRDA:170,11,0,0
BRDA:170,11,1,0
BRDA:181,12,0,0
BRDA:181,12,1,0
BRF:26
BRH:0
end_of_record
TN:
SF:src/lib/services/notificacion.service.ts
FN:24,(anonymous_0)
FN:32,(anonymous_1)
FN:36,(anonymous_2)
FN:49,(anonymous_3)
FN:59,(anonymous_4)
FN:65,(anonymous_5)
FN:76,(anonymous_6)
FN:92,(anonymous_7)
FN:108,(anonymous_8)
FN:124,(anonymous_9)
FN:140,(anonymous_10)
FN:141,(anonymous_11)
FN:142,(anonymous_12)
FN:149,(anonymous_13)
FN:150,(anonymous_14)
FN:151,(anonymous_15)
FN:160,(anonymous_16)
FN:161,(anonymous_17)
FN:162,(anonymous_18)
FN:171,(anonymous_19)
FN:172,(anonymous_20)
FN:173,(anonymous_21)
FNF:22
FNH:0
FNDA:0,(anonymous_0)
FNDA:0,(anonymous_1)
FNDA:0,(anonymous_2)
FNDA:0,(anonymous_3)
FNDA:0,(anonymous_4)
FNDA:0,(anonymous_5)
FNDA:0,(anonymous_6)
FNDA:0,(anonymous_7)
FNDA:0,(anonymous_8)
FNDA:0,(anonymous_9)
FNDA:0,(anonymous_10)
FNDA:0,(anonymous_11)
FNDA:0,(anonymous_12)
FNDA:0,(anonymous_13)
FNDA:0,(anonymous_14)
FNDA:0,(anonymous_15)
FNDA:0,(anonymous_16)
FNDA:0,(anonymous_17)
FNDA:0,(anonymous_18)
FNDA:0,(anonymous_19)
FNDA:0,(anonymous_20)
FNDA:0,(anonymous_21)
DA:1,0
DA:15,0
DA:16,0
DA:17,0
DA:18,0
DA:25,0
DA:33,0
DA:35,0
DA:36,0
DA:38,0
DA:40,0
DA:42,0
DA:50,0
DA:51,0
DA:53,0
DA:60,0
DA:61,0
DA:62,0
DA:64,0
DA:65,0
DA:66,0
DA:70,0
DA:77,0
DA:78,0
DA:81,0
DA:82,0
DA:84,0
DA:85,0
DA:93,0
DA:94,0
DA:97,0
DA:98,0
DA:100,0
DA:101,0
DA:109,0
DA:110,0
DA:113,0
DA:114,0
DA:116,0
DA:117,0
DA:125,0
DA:126,0
DA:129,0
DA:130,0
DA:132,0
DA:133,0
DA:141,0
DA:142,0
DA:150,0
DA:151,0
DA:152,0
DA:161,0
DA:162,0
DA:163,0
DA:172,0
DA:173,0
DA:174,0
LF:57
LH:0
BRDA:33,0,0,0
BRDA:33,0,1,0
BRDA:33,1,0,0
BRDA:33,1,1,0
BRDA:50,2,0,0
BRDA:50,2,1,0
BRDA:50,3,0,0
BRDA:50,3,1,0
BRDA:60,4,0,0
BRDA:60,4,1,0
BRDA:64,5,0,0
BRDA:64,5,1,0
BRDA:77,6,0,0
BRDA:77,6,1,0
BRDA:93,7,0,0
BRDA:93,7,1,0
BRDA:109,8,0,0
BRDA:109,8,1,0
BRDA:125,9,0,0
BRDA:125,9,1,0
BRDA:152,10,0,0
BRDA:152,10,1,0
BRDA:163,11,0,0
BRDA:163,11,1,0
BRDA:174,12,0,0
BRDA:174,12,1,0
BRF:26
BRH:0
end_of_record
TN:
SF:src/lib/services/progreso.service.ts
FNF:0
FNH:0
DA:1,0
DA:2,0
DA:3,0
DA:10,0
DA:11,0
DA:12,0
DA:16,0
DA:17,0
LF:8
LH:0
BRF:0
BRH:0
end_of_record
TN:
SF:src/lib/services/rutina-asignada.service.ts
FN:23,(anonymous_0)
FN:34,(anonymous_1)
FN:42,(anonymous_2)
FN:46,(anonymous_3)
FN:58,(anonymous_4)
FN:64,(anonymous_5)
FN:75,(anonymous_6)
FN:83,(anonymous_7)
FN:85,(anonymous_8)
FN:86,(anonymous_9)
FN:93,(anonymous_10)
FN:95,(anonymous_11)
FN:96,(anonymous_12)
FN:103,(anonymous_13)
FN:105,(anonymous_14)
FN:106,(anonymous_15)
FN:113,(anonymous_16)
FN:115,(anonymous_17)
FN:116,(anonymous_18)
FN:125,(anonymous_19)
FN:135,(anonymous_20)
FN:145,(anonymous_21)
FN:146,(anonymous_22)
FN:157,(anonymous_23)
FN:177,(anonymous_24)
FN:207,(anonymous_25)
FN:229,(anonymous_26)
FN:237,(anonymous_27)
FNF:28
FNH:0
FNDA:0,(anonymous_0)
FNDA:0,(anonymous_1)
FNDA:0,(anonymous_2)
FNDA:0,(anonymous_3)
FNDA:0,(anonymous_4)
FNDA:0,(anonymous_5)
FNDA:0,(anonymous_6)
FNDA:0,(anonymous_7)
FNDA:0,(anonymous_8)
FNDA:0,(anonymous_9)
FNDA:0,(anonymous_10)
FNDA:0,(anonymous_11)
FNDA:0,(anonymous_12)
FNDA:0,(anonymous_13)
FNDA:0,(anonymous_14)
FNDA:0,(anonymous_15)
FNDA:0,(anonymous_16)
FNDA:0,(anonymous_17)
FNDA:0,(anonymous_18)
FNDA:0,(anonymous_19)
FNDA:0,(anonymous_20)
FNDA:0,(anonymous_21)
FNDA:0,(anonymous_22)
FNDA:0,(anonymous_23)
FNDA:0,(anonymous_24)
FNDA:0,(anonymous_25)
FNDA:0,(anonymous_26)
FNDA:0,(anonymous_27)
DA:1,0
DA:4,0
DA:5,0
DA:6,0
DA:16,0
DA:18,0
DA:19,0
DA:20,0
DA:28,0
DA:29,0
DA:35,0
DA:43,0
DA:45,0
DA:46,0
DA:47,0
DA:49,0
DA:51,0
DA:59,0
DA:60,0
DA:61,0
DA:63,0
DA:64,0
DA:65,0
DA:69,0
DA:76,0
DA:77,0
DA:84,0
DA:85,0
DA:86,0
DA:94,0
DA:95,0
DA:96,0
DA:104,0
DA:105,0
DA:106,0
DA:114,0
DA:115,0
DA:116,0
DA:117,0
DA:126,0
DA:127,0
DA:129,0
DA:136,0
DA:137,0
DA:139,0
DA:146,0
DA:147,0
DA:148,0
DA:149,0
DA:158,0
DA:159,0
DA:160,0
DA:163,0
DA:164,0
DA:166,0
DA:168,0
DA:169,0
DA:172,0
DA:173,0
DA:174,0
DA:177,0
DA:178,0
DA:180,0
DA:195,0
DA:196,0
DA:200,0
DA:209,0
DA:210,0
DA:214,0
DA:215,0
DA:216,0
DA:217,0
DA:218,0
DA:220,0
DA:221,0
DA:222,0
DA:223,0
DA:226,0
DA:230,0
DA:231,0
DA:232,0
DA:233,0
DA:238,0
DA:239,0
DA:248,0
LF:85
LH:0
BRDA:43,0,0,0
BRDA:43,0,1,0
BRDA:43,1,0,0
BRDA:43,1,1,0
BRDA:59,2,0,0
BRDA:59,2,1,0
BRDA:63,3,0,0
BRDA:63,3,1,0
BRDA:117,4,0,0
BRDA:117,4,1,0
BRDA:126,5,0,0
BRDA:126,5,1,0
BRDA:136,6,0,0
BRDA:136,6,1,0
BRDA:147,7,0,0
BRDA:147,7,1,0
BRDA:157,8,0,0
BRDA:164,9,0,0
BRDA:164,9,1,0
BRDA:164,10,0,0
BRDA:164,10,1,0
BRDA:169,11,0,0
BRDA:169,11,1,0
BRDA:172,12,0,0
BRDA:172,12,1,0
BRDA:172,13,0,0
BRDA:172,13,1,0
BRDA:178,14,0,0
BRDA:178,14,1,0
BRDA:209,15,0,0
BRDA:209,15,1,0
BRDA:214,16,0,0
BRDA:214,16,1,0
BRDA:216,17,0,0
BRDA:216,17,1,0
BRDA:248,18,0,0
BRDA:248,18,1,0
BRF:37
BRH:0
end_of_record
TN:
SF:src/lib/services/rutina.service.ts
FN:27,(anonymous_0)
FN:34,(anonymous_1)
FN:42,(anonymous_2)
FN:46,(anonymous_3)
FN:58,(anonymous_4)
FN:68,(anonymous_5)
FN:74,(anonymous_6)
FN:85,(anonymous_7)
FN:101,(anonymous_8)
FN:117,(anonymous_9)
FN:118,(anonymous_10)
FN:119,(anonymous_11)
FN:128,(anonymous_12)
FN:129,(anonymous_13)
FN:130,(anonymous_14)
FN:137,(anonymous_15)
FN:138,(anonymous_16)
FN:144,(anonymous_17)
FN:145,(anonymous_18)
FN:145,(anonymous_19)
FN:151,(anonymous_20)
FN:152,(anonymous_21)
FN:153,(anonymous_22)
FN:163,(anonymous_23)
FN:164,(anonymous_24)
FN:170,(anonymous_25)
FN:171,(anonymous_26)
FN:185,(anonymous_27)
FN:185,(anonymous_28)
FN:186,(anonymous_29)
FNF:30
FNH:0
FNDA:0,(anonymous_0)
FNDA:0,(anonymous_1)
FNDA:0,(anonymous_2)
FNDA:0,(anonymous_3)
FNDA:0,(anonymous_4)
FNDA:0,(anonymous_5)
FNDA:0,(anonymous_6)
FNDA:0,(anonymous_7)
FNDA:0,(anonymous_8)
FNDA:0,(anonymous_9)
FNDA:0,(anonymous_10)
FNDA:0,(anonymous_11)
FNDA:0,(anonymous_12)
FNDA:0,(anonymous_13)
FNDA:0,(anonymous_14)
FNDA:0,(anonymous_15)
FNDA:0,(anonymous_16)
FNDA:0,(anonymous_17)
FNDA:0,(anonymous_18)
FNDA:0,(anonymous_19)
FNDA:0,(anonymous_20)
FNDA:0,(anonymous_21)
FNDA:0,(anonymous_22)
FNDA:0,(anonymous_23)
FNDA:0,(anonymous_24)
FNDA:0,(anonymous_25)
FNDA:0,(anonymous_26)
FNDA:0,(anonymous_27)
FNDA:0,(anonymous_28)
FNDA:0,(anonymous_29)
DA:1,0
DA:3,0
DA:17,0
DA:19,0
DA:20,0
DA:21,0
DA:25,0
DA:35,0
DA:43,0
DA:45,0
DA:46,0
DA:47,0
DA:49,0
DA:51,0
DA:59,0
DA:60,0
DA:62,0
DA:69,0
DA:70,0
DA:71,0
DA:73,0
DA:74,0
DA:75,0
DA:79,0
DA:86,0
DA:87,0
DA:90,0
DA:91,0
DA:93,0
DA:94,0
DA:102,0
DA:103,0
DA:106,0
DA:107,0
DA:109,0
DA:110,0
DA:118,0
DA:119,0
DA:120,0
DA:129,0
DA:130,0
DA:138,0
DA:145,0
DA:152,0
DA:153,0
DA:154,0
DA:164,0
DA:171,0
DA:173,0
DA:174,0
DA:176,0
DA:177,0
DA:181,0
DA:184,0
DA:185,0
DA:186,0
DA:189,0
LF:57
LH:0
BRDA:43,0,0,0
BRDA:43,0,1,0
BRDA:43,1,0,0
BRDA:43,1,1,0
BRDA:59,2,0,0
BRDA:59,2,1,0
BRDA:59,3,0,0
BRDA:59,3,1,0
BRDA:69,4,0,0
BRDA:69,4,1,0
BRDA:73,5,0,0
BRDA:73,5,1,0
BRDA:86,6,0,0
BRDA:86,6,1,0
BRDA:102,7,0,0
BRDA:102,7,1,0
BRDA:176,8,0,0
BRDA:176,8,1,0
BRDA:176,9,0,0
BRDA:176,9,1,0
BRDA:176,9,2,0
BRDA:185,10,0,0
BRDA:185,10,1,0
BRF:23
BRH:0
end_of_record
TN:
SF:src/lib/services/sesion-rutina.service.ts
FN:30,(anonymous_0)
FN:37,(anonymous_1)
FN:41,(anonymous_2)
FN:50,(anonymous_3)
FN:58,(anonymous_4)
FN:60,(anonymous_5)
FN:76,(anonymous_6)
FN:81,(anonymous_7)
FN:92,(anonymous_8)
FN:118,(anonymous_9)
FN:131,(anonymous_10)
FN:133,(anonymous_11)
FN:133,(anonymous_12)
FN:139,(anonymous_13)
FN:163,(anonymous_14)
FN:167,(anonymous_15)
FN:173,(anonymous_16)
FN:184,(anonymous_17)
FN:195,(anonymous_18)
FN:202,(anonymous_19)
FNF:20
FNH:0
FNDA:0,(anonymous_0)
FNDA:0,(anonymous_1)
FNDA:0,(anonymous_2)
FNDA:0,(anonymous_3)
FNDA:0,(anonymous_4)
FNDA:0,(anonymous_5)
FNDA:0,(anonymous_6)
FNDA:0,(anonymous_7)
FNDA:0,(anonymous_8)
FNDA:0,(anonymous_9)
FNDA:0,(anonymous_10)
FNDA:0,(anonymous_11)
FNDA:0,(anonymous_12)
FNDA:0,(anonymous_13)
FNDA:0,(anonymous_14)
FNDA:0,(anonymous_15)
FNDA:0,(anonymous_16)
FNDA:0,(anonymous_17)
FNDA:0,(anonymous_18)
FNDA:0,(anonymous_19)
DA:1,0
DA:3,0
DA:5,0
DA:7,0
DA:21,0
DA:24,0
DA:27,0
DA:28,0
DA:31,0
DA:38,0
DA:41,0
DA:42,0
DA:43,0
DA:48,0
DA:49,0
DA:50,0
DA:51,0
DA:52,0
DA:57,0
DA:58,0
DA:59,0
DA:60,0
DA:61,0
DA:62,0
DA:65,0
DA:70,0
DA:77,0
DA:78,0
DA:79,0
DA:80,0
DA:81,0
DA:82,0
DA:86,0
DA:93,0
DA:95,0
DA:96,0
DA:99,0
DA:112,0
DA:119,0
DA:120,0
DA:122,0
DA:123,0
DA:133,0
DA:136,0
DA:138,0
DA:139,0
DA:141,0
DA:142,0
DA:146,0
DA:150,0
DA:153,0
DA:154,0
DA:156,0
DA:157,0
DA:160,0
DA:164,0
DA:165,0
DA:166,0
DA:167,0
DA:174,0
DA:175,0
DA:177,0
DA:178,0
DA:185,0
DA:186,0
DA:187,0
DA:188,0
DA:189,0
DA:196,0
DA:197,0
DA:199,0
DA:203,0
LF:72
LH:0
BRDA:42,0,0,0
BRDA:42,0,1,0
BRDA:48,1,0,0
BRDA:48,1,1,0
BRDA:51,2,0,0
BRDA:51,2,1,0
BRDA:57,3,0,0
BRDA:57,3,1,0
BRDA:61,4,0,0
BRDA:61,4,1,0
BRDA:77,5,0,0
BRDA:77,5,1,0
BRDA:80,6,0,0
BRDA:80,6,1,0
BRDA:95,7,0,0
BRDA:95,7,1,0
BRDA:119,8,0,0
BRDA:119,8,1,0
BRDA:141,9,0,0
BRDA:141,9,1,0
BRDA:156,10,0,0
BRDA:156,10,1,0
BRDA:165,11,0,0
BRDA:165,11,1,0
BRDA:174,12,0,0
BRDA:174,12,1,0
BRDA:196,13,0,0
BRDA:196,13,1,0
BRF:28
BRH:0
end_of_record
TN:
SF:src/lib/services/social-share.service.ts
FN:44,(anonymous_0)
FN:71,(anonymous_1)
FN:71,(anonymous_2)
FN:128,(anonymous_3)
FN:132,(anonymous_4)
FN:132,(anonymous_5)
FN:163,(anonymous_6)
FN:168,(anonymous_7)
FN:169,(anonymous_8)
FN:174,(anonymous_9)
FN:176,(anonymous_10)
FN:237,(anonymous_11)
FN:282,(anonymous_12)
FN:351,(anonymous_13)
FN:353,(anonymous_14)
FN:372,(anonymous_15)
FN:402,(anonymous_16)
FN:420,(anonymous_17)
FN:436,(anonymous_18)
FN:466,(anonymous_19)
FNF:20
FNH:0
FNDA:0,(anonymous_0)
FNDA:0,(anonymous_1)
FNDA:0,(anonymous_2)
FNDA:0,(anonymous_3)
FNDA:0,(anonymous_4)
FNDA:0,(anonymous_5)
FNDA:0,(anonymous_6)
FNDA:0,(anonymous_7)
FNDA:0,(anonymous_8)
FNDA:0,(anonymous_9)
FNDA:0,(anonymous_10)
FNDA:0,(anonymous_11)
FNDA:0,(anonymous_12)
FNDA:0,(anonymous_13)
FNDA:0,(anonymous_14)
FNDA:0,(anonymous_15)
FNDA:0,(anonymous_16)
FNDA:0,(anonymous_17)
FNDA:0,(anonymous_18)
FNDA:0,(anonymous_19)
DA:1,0
DA:2,0
DA:3,0
DA:4,0
DA:5,0
DA:6,0
DA:29,0
DA:30,0
DA:31,0
DA:32,0
DA:33,0
DA:34,0
DA:36,0
DA:56,0
DA:59,0
DA:60,0
DA:62,0
DA:64,0
DA:65,0
DA:71,0
DA:72,0
DA:73,0
DA:74,0
DA:79,0
DA:80,0
DA:90,0
DA:96,0
DA:97,0
DA:98,0
DA:99,0
DA:101,0
DA:102,0
DA:106,0
DA:107,0
DA:108,0
DA:109,0
DA:110,0
DA:113,0
DA:114,0
DA:115,0
DA:116,0
DA:117,0
DA:118,0
DA:119,0
DA:120,0
DA:123,0
DA:125,0
DA:126,0
DA:127,0
DA:128,0
DA:129,0
DA:130,0
DA:132,0
DA:133,0
DA:134,0
DA:135,0
DA:136,0
DA:137,0
DA:138,0
DA:144,0
DA:145,0
DA:146,0
DA:147,0
DA:151,0
DA:152,0
DA:153,0
DA:154,0
DA:155,0
DA:156,0
DA:157,0
DA:158,0
DA:159,0
DA:160,0
DA:161,0
DA:163,0
DA:164,0
DA:165,0
DA:167,0
DA:168,0
DA:170,0
DA:171,0
DA:172,0
DA:173,0
DA:174,0
DA:176,0
DA:179,0
DA:180,0
DA:183,0
DA:185,0
DA:186,0
DA:187,0
DA:188,0
DA:189,0
DA:192,0
DA:193,0
DA:194,0
DA:195,0
DA:196,0
DA:197,0
DA:198,0
DA:199,0
DA:201,0
DA:202,0
DA:203,0
DA:204,0
DA:205,0
DA:206,0
DA:210,0
DA:211,0
DA:216,0
DA:220,0
DA:221,0
DA:226,0
DA:227,0
DA:232,0
DA:236,0
DA:237,0
DA:240,0
DA:241,0
DA:242,0
DA:243,0
DA:244,0
DA:245,0
DA:246,0
DA:247,0
DA:250,0
DA:251,0
DA:252,0
DA:253,0
DA:254,0
DA:255,0
DA:257,0
DA:258,0
DA:259,0
DA:262,0
DA:263,0
DA:264,0
DA:265,0
DA:266,0
DA:267,0
DA:270,0
DA:271,0
DA:272,0
DA:273,0
DA:274,0
DA:275,0
DA:276,0
DA:280,0
DA:281,0
DA:282,0
DA:283,0
DA:284,0
DA:285,0
DA:286,0
DA:287,0
DA:288,0
DA:289,0
DA:291,0
DA:292,0
DA:293,0
DA:294,0
DA:296,0
DA:297,0
DA:298,0
DA:299,0
DA:300,0
DA:301,0
DA:302,0
DA:306,0
DA:310,0
DA:311,0
DA:312,0
DA:315,0
DA:316,0
DA:319,0
DA:320,0
DA:323,0
DA:324,0
DA:325,0
DA:326,0
DA:327,0
DA:329,0
DA:330,0
DA:331,0
DA:333,0
DA:334,0
DA:335,0
DA:336,0
DA:337,0
DA:339,0
DA:343,0
DA:344,0
DA:345,0
DA:347,0
DA:351,0
DA:352,0
DA:354,0
DA:355,0
DA:357,0
DA:378,0
DA:379,0
DA:380,0
DA:381,0
DA:386,0
DA:390,0
DA:391,0
DA:400,0
DA:401,0
DA:402,0
DA:404,0
DA:406,0
DA:412,0
DA:421,0
DA:422,0
DA:423,0
DA:424,0
DA:425,0
DA:426,0
DA:427,0
DA:428,0
DA:437,0
DA:438,0
DA:440,0
DA:471,0
DA:472,0
DA:473,0
DA:476,0
LF:227
LH:0
BRDA:46,0,0,0
BRDA:49,1,0,0
BRDA:50,2,0,0
BRDA:51,3,0,0
BRDA:52,4,0,0
BRDA:53,5,0,0
BRDA:54,6,0,0
BRDA:55,7,0,0
BRDA:62,8,0,0
BRDA:62,8,1,0
BRDA:72,9,0,0
BRDA:72,9,1,0
BRDA:79,10,0,0
BRDA:79,10,1,0
BRDA:101,11,0,0
BRDA:101,11,1,0
BRDA:129,12,0,0
BRDA:129,12,1,0
BRDA:129,12,2,0
BRDA:129,12,3,0
BRDA:129,12,4,0
BRDA:130,13,0,0
BRDA:130,13,1,0
BRDA:133,14,0,0
BRDA:133,14,1,0
BRDA:136,15,0,0
BRDA:136,15,1,0
BRDA:137,16,0,0
BRDA:137,16,1,0
BRDA:137,16,2,0
BRDA:144,17,0,0
BRDA:144,17,1,0
BRDA:153,18,0,0
BRDA:153,18,1,0
BRDA:154,19,0,0
BRDA:154,19,1,0
BRDA:164,20,0,0
BRDA:164,20,1,0
BRDA:164,21,0,0
BRDA:164,21,1,0
BRDA:164,22,0,0
BRDA:164,22,1,0
BRDA:165,23,0,0
BRDA:165,23,1,0
BRDA:168,24,0,0
BRDA:168,24,1,0
BRDA:168,24,2,0
BRDA:170,25,0,0
BRDA:170,25,1,0
BRDA:172,26,0,0
BRDA:172,26,1,0
BRDA:172,27,0,0
BRDA:172,27,1,0
BRDA:174,28,0,0
BRDA:174,28,1,0
BRDA:183,29,0,0
BRDA:183,29,1,0
BRDA:204,30,0,0
BRDA:204,30,1,0
BRDA:210,31,0,0
BRDA:210,31,1,0
BRDA:220,32,0,0
BRDA:220,32,1,0
BRDA:236,33,0,0
BRDA:236,33,1,0
BRDA:236,34,0,0
BRDA:236,34,1,0
BRDA:254,35,0,0
BRDA:254,35,1,0
BRDA:300,36,0,0
BRDA:300,36,1,0
BRDA:330,37,0,0
BRDA:330,37,1,0
BRDA:333,38,0,0
BRDA:333,38,1,0
BRDA:333,39,0,0
BRDA:333,39,1,0
BRDA:336,40,0,0
BRDA:336,40,1,0
BRDA:343,41,0,0
BRDA:343,41,1,0
BRDA:354,42,0,0
BRDA:354,42,1,0
BRDA:375,43,0,0
BRDA:378,44,0,0
BRDA:378,44,1,0
BRDA:390,45,0,0
BRDA:390,45,1,0
BRDA:404,46,0,0
BRDA:404,46,1,0
BRDA:420,47,0,0
BRDA:436,48,0,0
BRDA:469,49,0,0
BRF:93
BRH:0
end_of_record
TN:
SF:src/lib/services/storage.service.ts
FN:20,(anonymous_0)
FN:27,(anonymous_1)
FN:35,(anonymous_2)
FN:42,(anonymous_3)
FN:59,(anonymous_4)
FN:67,(anonymous_5)
FN:75,(anonymous_6)
FN:83,(anonymous_7)
FN:91,(anonymous_8)
FN:99,(anonymous_9)
FN:107,(anonymous_10)
FNF:11
FNH:0
FNDA:0,(anonymous_0)
FNDA:0,(anonymous_1)
FNDA:0,(anonymous_2)
FNDA:0,(anonymous_3)
FNDA:0,(anonymous_4)
FNDA:0,(anonymous_5)
FNDA:0,(anonymous_6)
FNDA:0,(anonymous_7)
FNDA:0,(anonymous_8)
FNDA:0,(anonymous_9)
FNDA:0,(anonymous_10)
DA:1,0
DA:16,0
DA:18,0
DA:28,0
DA:29,0
DA:36,0
DA:43,0
DA:44,0
DA:47,0
DA:48,0
DA:49,0
DA:51,0
DA:52,0
DA:60,0
DA:61,0
DA:68,0
DA:69,0
DA:76,0
DA:77,0
DA:84,0
DA:85,0
DA:92,0
DA:93,0
DA:100,0
DA:101,0
DA:108,0
DA:109,0
DA:112,0
DA:113,0
LF:29
LH:0
BRDA:43,0,0,0
BRDA:43,0,1,0
BRDA:108,1,0,0
BRDA:108,1,1,0
BRDA:112,2,0,0
BRDA:112,2,1,0
BRF:6
BRH:0
end_of_record
TN:
SF:src/lib/services/user.service.ts
FN:35,(anonymous_0)
FN:36,(anonymous_1)
FN:41,(anonymous_2)
FN:45,(anonymous_3)
FN:49,(anonymous_4)
FN:53,(anonymous_5)
FN:57,(anonymous_6)
FN:62,(anonymous_7)
FN:67,(anonymous_8)
FN:71,(anonymous_9)
FN:87,(anonymous_10)
FN:96,(anonymous_11)
FN:101,(anonymous_12)
FN:106,(anonymous_13)
FN:117,(anonymous_14)
FN:123,(anonymous_15)
FN:127,(anonymous_16)
FN:150,(anonymous_17)
FN:176,(anonymous_18)
FN:190,(anonymous_19)
FN:201,(anonymous_20)
FN:201,(anonymous_21)
FN:207,(anonymous_22)
FN:207,(anonymous_23)
FN:216,(anonymous_24)
FN:225,(anonymous_25)
FN:233,(anonymous_26)
FN:233,(anonymous_27)
FN:239,(anonymous_28)
FN:248,(anonymous_29)
FN:249,(anonymous_30)
FN:252,(anonymous_31)
FN:253,(anonymous_32)
FN:256,(anonymous_33)
FN:257,(anonymous_34)
FN:260,(anonymous_35)
FN:264,(anonymous_36)
FNF:37
FNH:34
FNDA:29,(anonymous_0)
FNDA:29,(anonymous_1)
FNDA:6,(anonymous_2)
FNDA:3,(anonymous_3)
FNDA:1,(anonymous_4)
FNDA:10,(anonymous_5)
FNDA:2,(anonymous_6)
FNDA:6,(anonymous_7)
FNDA:4,(anonymous_8)
FNDA:10,(anonymous_9)
FNDA:28,(anonymous_10)
FNDA:2,(anonymous_11)
FNDA:0,(anonymous_12)
FNDA:0,(anonymous_13)
FNDA:3,(anonymous_14)
FNDA:2,(anonymous_15)
FNDA:3,(anonymous_16)
FNDA:5,(anonymous_17)
FNDA:5,(anonymous_18)
FNDA:3,(anonymous_19)
FNDA:2,(anonymous_20)
FNDA:2,(anonymous_21)
FNDA:1,(anonymous_22)
FNDA:1,(anonymous_23)
FNDA:3,(anonymous_24)
FNDA:3,(anonymous_25)
FNDA:2,(anonymous_26)
FNDA:2,(anonymous_27)
FNDA:1,(anonymous_28)
FNDA:2,(anonymous_29)
FNDA:2,(anonymous_30)
FNDA:2,(anonymous_31)
FNDA:2,(anonymous_32)
FNDA:2,(anonymous_33)
FNDA:2,(anonymous_34)
FNDA:1,(anonymous_35)
FNDA:0,(anonymous_36)
DA:1,1
DA:3,1
DA:23,1
DA:25,29
DA:26,29
DA:27,29
DA:28,29
DA:29,29
DA:31,29
DA:32,29
DA:35,29
DA:36,29
DA:37,29
DA:42,6
DA:46,3
DA:50,1
DA:54,10
DA:58,2
DA:63,6
DA:64,6
DA:68,4
DA:75,10
DA:76,2
DA:78,8
DA:79,1
DA:81,7
DA:82,2
DA:84,5
DA:88,28
DA:89,0
DA:90,0
DA:92,28
DA:97,2
DA:99,2
DA:100,2
DA:102,0
DA:103,0
DA:107,0
DA:108,0
DA:111,2
DA:113,0
DA:118,3
DA:119,2
DA:124,2
DA:128,3
DA:129,0
DA:132,3
DA:133,3
DA:134,3
DA:136,3
DA:137,3
DA:138,1
DA:139,1
DA:141,2
DA:142,2
DA:143,2
DA:145,3
DA:146,3
DA:151,5
DA:152,0
DA:155,5
DA:156,5
DA:157,3
DA:160,2
DA:161,2
DA:163,2
DA:164,2
DA:166,1
DA:168,1
DA:169,1
DA:170,1
DA:172,2
DA:177,5
DA:178,0
DA:181,5
DA:182,5
DA:183,2
DA:186,3
DA:187,3
DA:189,3
DA:190,3
DA:192,3
DA:193,1
DA:194,1
DA:197,2
DA:198,2
DA:201,2
DA:203,2
DA:204,2
DA:207,1
DA:208,1
DA:209,1
DA:210,1
DA:212,2
DA:217,3
DA:218,0
DA:221,3
DA:222,3
DA:224,3
DA:225,3
DA:227,3
DA:228,1
DA:229,1
DA:233,2
DA:235,2
DA:236,2
DA:239,1
DA:240,1
DA:241,1
DA:242,1
DA:244,2
DA:249,2
DA:253,2
DA:257,2
DA:261,1
DA:265,0
DA:266,0
DA:268,0
DA:269,0
DA:270,0
DA:271,0
DA:272,0
DA:273,0
LF:123
LH:104
BRDA:37,0,0,29
BRDA:37,0,1,29
BRDA:75,1,0,2
BRDA:75,1,1,8
BRDA:75,2,0,10
BRDA:75,2,1,6
BRDA:78,3,0,1
BRDA:78,3,1,7
BRDA:78,4,0,8
BRDA:78,4,1,4
BRDA:81,5,0,2
BRDA:81,5,1,5
BRDA:81,6,0,7
BRDA:81,6,1,7
BRDA:81,6,2,5
BRDA:88,7,0,0
BRDA:88,7,1,28
BRDA:88,8,0,28
BRDA:88,8,1,0
BRDA:97,9,0,0
BRDA:97,9,1,2
BRDA:97,10,0,2
BRDA:97,10,1,2
BRDA:102,11,0,0
BRDA:102,11,1,0
BRDA:118,12,0,2
BRDA:118,12,1,1
BRDA:118,13,0,3
BRDA:118,13,1,2
BRDA:128,14,0,0
BRDA:128,14,1,3
BRDA:151,15,0,0
BRDA:151,15,1,5
BRDA:156,16,0,3
BRDA:156,16,1,2
BRDA:157,17,0,3
BRDA:157,17,1,0
BRDA:177,18,0,0
BRDA:177,18,1,5
BRDA:182,19,0,2
BRDA:182,19,1,3
BRDA:183,20,0,2
BRDA:183,20,1,0
BRDA:192,21,0,1
BRDA:192,21,1,2
BRDA:201,22,0,2
BRDA:201,22,1,0
BRDA:207,23,0,1
BRDA:207,23,1,0
BRDA:217,24,0,0
BRDA:217,24,1,3
BRDA:227,25,0,1
BRDA:227,25,1,2
BRDA:249,26,0,2
BRDA:249,26,1,1
BRDA:253,27,0,2
BRDA:253,27,1,1
BRDA:265,28,0,0
BRDA:265,28,1,0
BRDA:265,29,0,0
BRDA:265,29,1,0
BRF:61
BRH:44
end_of_record
TN:
SF:src/lib/services/zone-runner.service.ts
FN:13,(anonymous_0)
FN:26,(anonymous_1)
FN:37,(anonymous_2)
FNF:3
FNH:0
FNDA:0,(anonymous_0)
FNDA:0,(anonymous_1)
FNDA:0,(anonymous_2)
DA:1,0
DA:10,0
DA:13,0
DA:14,0
DA:16,0
DA:27,0
DA:28,0
DA:30,0
DA:38,0
DA:39,0
DA:41,0
LF:11
LH:0
BRDA:16,0,0,0
BRDA:16,0,1,0
BRDA:27,1,0,0
BRDA:27,1,1,0
BRDA:38,2,0,0
BRDA:38,2,1,0
BRF:6
BRH:0
end_of_record
TN:
SF:src/lib/utils/uuid.ts
FN:2,uuidv4
FN:3,(anonymous_1)
FNF:2
FNH:0
FNDA:0,uuidv4
FNDA:0,(anonymous_1)
DA:2,0
DA:3,0
DA:4,0
DA:5,0
LF:4
LH:0
BRDA:4,0,0,0
BRDA:4,0,1,0
BRF:2
BRH:0
end_of_record
